CRITICAL - 2022-06-07 17:13:58 --> Call to undefined method App\Controllers\API\RegistrosController::failUnprocessableEntity()
#0 D:\Codeigniter\restAPI-registros\system\CodeIgniter.php(825): App\Controllers\API\RegistrosController->create()
#1 D:\Codeigniter\restAPI-registros\system\CodeIgniter.php(412): CodeIgniter\CodeIgniter->runController(Object(App\Controllers\API\RegistrosController))
#2 D:\Codeigniter\restAPI-registros\system\CodeIgniter.php(320): CodeIgniter\CodeIgniter->handleRequest(NULL, Object(Config\Cache), false)
#3 D:\Codeigniter\restAPI-registros\public\index.php(37): CodeIgniter\CodeIgniter->run()
#4 D:\Codeigniter\restAPI-registros\system\Commands\Server\rewrite.php(43): require_once('D:\\Codeigniter\\...')
#5 {main}
CRITICAL - 2022-06-07 17:16:43 --> Call to undefined method App\Controllers\API\RegistrosController::failUnprocessableEntity()
#0 D:\Codeigniter\restAPI-registros\system\CodeIgniter.php(825): App\Controllers\API\RegistrosController->c_cursos_alumnos()
#1 D:\Codeigniter\restAPI-registros\system\CodeIgniter.php(412): CodeIgniter\CodeIgniter->runController(Object(App\Controllers\API\RegistrosController))
#2 D:\Codeigniter\restAPI-registros\system\CodeIgniter.php(320): CodeIgniter\CodeIgniter->handleRequest(NULL, Object(Config\Cache), false)
#3 D:\Codeigniter\restAPI-registros\public\index.php(37): CodeIgniter\CodeIgniter->run()
#4 D:\Codeigniter\restAPI-registros\system\Commands\Server\rewrite.php(43): require_once('D:\\Codeigniter\\...')
#5 {main}
CRITICAL - 2022-06-07 17:17:17 --> Call to undefined method App\Controllers\API\RegistrosController::failUnprocessableEntity()
#0 D:\Codeigniter\restAPI-registros\system\CodeIgniter.php(825): App\Controllers\API\RegistrosController->c_cursos_alumnos()
#1 D:\Codeigniter\restAPI-registros\system\CodeIgniter.php(412): CodeIgniter\CodeIgniter->runController(Object(App\Controllers\API\RegistrosController))
#2 D:\Codeigniter\restAPI-registros\system\CodeIgniter.php(320): CodeIgniter\CodeIgniter->handleRequest(NULL, Object(Config\Cache), false)
#3 D:\Codeigniter\restAPI-registros\public\index.php(37): CodeIgniter\CodeIgniter->run()
#4 D:\Codeigniter\restAPI-registros\system\Commands\Server\rewrite.php(43): require_once('D:\\Codeigniter\\...')
#5 {main}
CRITICAL - 2022-06-07 17:19:00 --> Call to undefined method App\Controllers\API\RegistrosController::failUnprocessableEntity()
#0 D:\Codeigniter\restAPI-registros\system\CodeIgniter.php(825): App\Controllers\API\RegistrosController->c_cursos_alumnos()
#1 D:\Codeigniter\restAPI-registros\system\CodeIgniter.php(412): CodeIgniter\CodeIgniter->runController(Object(App\Controllers\API\RegistrosController))
#2 D:\Codeigniter\restAPI-registros\system\CodeIgniter.php(320): CodeIgniter\CodeIgniter->handleRequest(NULL, Object(Config\Cache), false)
#3 D:\Codeigniter\restAPI-registros\public\index.php(37): CodeIgniter\CodeIgniter->run()
#4 D:\Codeigniter\restAPI-registros\system\Commands\Server\rewrite.php(43): require_once('D:\\Codeigniter\\...')
#5 {main}
CRITICAL - 2022-06-07 17:21:34 --> Call to undefined method App\Controllers\API\RegistrosController::failUnprocessableEntity()
#0 D:\Codeigniter\restAPI-registros\system\CodeIgniter.php(825): App\Controllers\API\RegistrosController->c_cursos_alumnos()
#1 D:\Codeigniter\restAPI-registros\system\CodeIgniter.php(412): CodeIgniter\CodeIgniter->runController(Object(App\Controllers\API\RegistrosController))
#2 D:\Codeigniter\restAPI-registros\system\CodeIgniter.php(320): CodeIgniter\CodeIgniter->handleRequest(NULL, Object(Config\Cache), false)
#3 D:\Codeigniter\restAPI-registros\public\index.php(37): CodeIgniter\CodeIgniter->run()
#4 D:\Codeigniter\restAPI-registros\system\Commands\Server\rewrite.php(43): require_once('D:\\Codeigniter\\...')
#5 {main}
CRITICAL - 2022-06-07 17:22:25 --> Call to undefined method App\Controllers\API\RegistrosController::failUnprocessableEntity()
#0 D:\Codeigniter\restAPI-registros\system\CodeIgniter.php(825): App\Controllers\API\RegistrosController->c_cursos_alumnos()
#1 D:\Codeigniter\restAPI-registros\system\CodeIgniter.php(412): CodeIgniter\CodeIgniter->runController(Object(App\Controllers\API\RegistrosController))
#2 D:\Codeigniter\restAPI-registros\system\CodeIgniter.php(320): CodeIgniter\CodeIgniter->handleRequest(NULL, Object(Config\Cache), false)
#3 D:\Codeigniter\restAPI-registros\public\index.php(37): CodeIgniter\CodeIgniter->run()
#4 D:\Codeigniter\restAPI-registros\system\Commands\Server\rewrite.php(43): require_once('D:\\Codeigniter\\...')
#5 {main}
CRITICAL - 2022-06-07 17:25:15 --> Call to a member function insert() on null
#0 D:\Codeigniter\restAPI-registros\system\CodeIgniter.php(825): App\Controllers\API\RegistrosController->c_cursos_alumnos()
#1 D:\Codeigniter\restAPI-registros\system\CodeIgniter.php(412): CodeIgniter\CodeIgniter->runController(Object(App\Controllers\API\RegistrosController))
#2 D:\Codeigniter\restAPI-registros\system\CodeIgniter.php(320): CodeIgniter\CodeIgniter->handleRequest(NULL, Object(Config\Cache), false)
#3 D:\Codeigniter\restAPI-registros\public\index.php(37): CodeIgniter\CodeIgniter->run()
#4 D:\Codeigniter\restAPI-registros\system\Commands\Server\rewrite.php(43): require_once('D:\\Codeigniter\\...')
#5 {main}
