CRITICAL - 2022-02-25 16:17:24 --> Call to a member function listErrors() on null
#0 D:\registrosRest\system\CodeIgniter.php(825): App\Controllers\API\RolesController->create()
#1 D:\registrosRest\system\CodeIgniter.php(412): CodeIgniter\CodeIgniter->runController(Object(App\Controllers\API\RolesController))
#2 D:\registrosRest\system\CodeIgniter.php(320): CodeIgniter\CodeIgniter->handleRequest(NULL, Object(Config\Cache), false)
#3 D:\registrosRest\public\index.php(37): CodeIgniter\CodeIgniter->run()
#4 D:\registrosRest\system\Commands\Server\rewrite.php(43): require_once('D:\\registrosRes...')
#5 {main}
CRITICAL - 2022-02-25 16:17:26 --> Call to a member function listErrors() on null
#0 D:\registrosRest\system\CodeIgniter.php(825): App\Controllers\API\RolesController->create()
#1 D:\registrosRest\system\CodeIgniter.php(412): CodeIgniter\CodeIgniter->runController(Object(App\Controllers\API\RolesController))
#2 D:\registrosRest\system\CodeIgniter.php(320): CodeIgniter\CodeIgniter->handleRequest(NULL, Object(Config\Cache), false)
#3 D:\registrosRest\public\index.php(37): CodeIgniter\CodeIgniter->run()
#4 D:\registrosRest\system\Commands\Server\rewrite.php(43): require_once('D:\\registrosRes...')
#5 {main}
CRITICAL - 2022-02-25 16:19:05 --> Call to a member function listErrors() on null
#0 D:\registrosRest\system\CodeIgniter.php(825): App\Controllers\API\RolesController->create()
#1 D:\registrosRest\system\CodeIgniter.php(412): CodeIgniter\CodeIgniter->runController(Object(App\Controllers\API\RolesController))
#2 D:\registrosRest\system\CodeIgniter.php(320): CodeIgniter\CodeIgniter->handleRequest(NULL, Object(Config\Cache), false)
#3 D:\registrosRest\public\index.php(37): CodeIgniter\CodeIgniter->run()
#4 D:\registrosRest\system\Commands\Server\rewrite.php(43): require_once('D:\\registrosRes...')
#5 {main}
CRITICAL - 2022-02-25 16:21:00 --> Call to a member function listErrors() on null
#0 D:\registrosRest\system\CodeIgniter.php(825): App\Controllers\API\RolesController->create()
#1 D:\registrosRest\system\CodeIgniter.php(412): CodeIgniter\CodeIgniter->runController(Object(App\Controllers\API\RolesController))
#2 D:\registrosRest\system\CodeIgniter.php(320): CodeIgniter\CodeIgniter->handleRequest(NULL, Object(Config\Cache), false)
#3 D:\registrosRest\public\index.php(37): CodeIgniter\CodeIgniter->run()
#4 D:\registrosRest\system\Commands\Server\rewrite.php(43): require_once('D:\\registrosRes...')
#5 {main}
CRITICAL - 2022-02-25 16:23:49 --> Call to a member function listErrors() on null
#0 D:\registrosRest\system\CodeIgniter.php(825): App\Controllers\API\RolesController->create()
#1 D:\registrosRest\system\CodeIgniter.php(412): CodeIgniter\CodeIgniter->runController(Object(App\Controllers\API\RolesController))
#2 D:\registrosRest\system\CodeIgniter.php(320): CodeIgniter\CodeIgniter->handleRequest(NULL, Object(Config\Cache), false)
#3 D:\registrosRest\public\index.php(37): CodeIgniter\CodeIgniter->run()
#4 D:\registrosRest\system\Commands\Server\rewrite.php(43): require_once('D:\\registrosRes...')
#5 {main}
CRITICAL - 2022-02-25 16:23:51 --> Call to a member function listErrors() on null
#0 D:\registrosRest\system\CodeIgniter.php(825): App\Controllers\API\RolesController->create()
#1 D:\registrosRest\system\CodeIgniter.php(412): CodeIgniter\CodeIgniter->runController(Object(App\Controllers\API\RolesController))
#2 D:\registrosRest\system\CodeIgniter.php(320): CodeIgniter\CodeIgniter->handleRequest(NULL, Object(Config\Cache), false)
#3 D:\registrosRest\public\index.php(37): CodeIgniter\CodeIgniter->run()
#4 D:\registrosRest\system\Commands\Server\rewrite.php(43): require_once('D:\\registrosRes...')
#5 {main}
CRITICAL - 2022-02-25 16:25:09 --> Call to a member function listErrors() on null
#0 D:\registrosRest\system\CodeIgniter.php(825): App\Controllers\API\RolesController->create()
#1 D:\registrosRest\system\CodeIgniter.php(412): CodeIgniter\CodeIgniter->runController(Object(App\Controllers\API\RolesController))
#2 D:\registrosRest\system\CodeIgniter.php(320): CodeIgniter\CodeIgniter->handleRequest(NULL, Object(Config\Cache), false)
#3 D:\registrosRest\public\index.php(37): CodeIgniter\CodeIgniter->run()
#4 D:\registrosRest\system\Commands\Server\rewrite.php(43): require_once('D:\\registrosRes...')
#5 {main}
ERROR - 2022-02-25 16:29:26 --> Unknown column 'created_at' in 'field list'
CRITICAL - 2022-02-25 16:29:26 --> Call to a member function listErrors() on null
#0 D:\registrosRest\system\CodeIgniter.php(825): App\Controllers\API\RolesController->create()
#1 D:\registrosRest\system\CodeIgniter.php(412): CodeIgniter\CodeIgniter->runController(Object(App\Controllers\API\RolesController))
#2 D:\registrosRest\system\CodeIgniter.php(320): CodeIgniter\CodeIgniter->handleRequest(NULL, Object(Config\Cache), false)
#3 D:\registrosRest\public\index.php(37): CodeIgniter\CodeIgniter->run()
#4 D:\registrosRest\system\Commands\Server\rewrite.php(43): require_once('D:\\registrosRes...')
#5 {main}
ERROR - 2022-02-25 16:29:30 --> Unknown column 'created_at' in 'field list'
CRITICAL - 2022-02-25 16:29:30 --> Call to a member function listErrors() on null
#0 D:\registrosRest\system\CodeIgniter.php(825): App\Controllers\API\RolesController->create()
#1 D:\registrosRest\system\CodeIgniter.php(412): CodeIgniter\CodeIgniter->runController(Object(App\Controllers\API\RolesController))
#2 D:\registrosRest\system\CodeIgniter.php(320): CodeIgniter\CodeIgniter->handleRequest(NULL, Object(Config\Cache), false)
#3 D:\registrosRest\public\index.php(37): CodeIgniter\CodeIgniter->run()
#4 D:\registrosRest\system\Commands\Server\rewrite.php(43): require_once('D:\\registrosRes...')
#5 {main}
ERROR - 2022-02-25 16:29:45 --> Unknown column 'created_at' in 'field list'
CRITICAL - 2022-02-25 16:29:45 --> Call to a member function listErrors() on null
#0 D:\registrosRest\system\CodeIgniter.php(825): App\Controllers\API\RolesController->create()
#1 D:\registrosRest\system\CodeIgniter.php(412): CodeIgniter\CodeIgniter->runController(Object(App\Controllers\API\RolesController))
#2 D:\registrosRest\system\CodeIgniter.php(320): CodeIgniter\CodeIgniter->handleRequest(NULL, Object(Config\Cache), false)
#3 D:\registrosRest\public\index.php(37): CodeIgniter\CodeIgniter->run()
#4 D:\registrosRest\system\Commands\Server\rewrite.php(43): require_once('D:\\registrosRes...')
#5 {main}
ERROR - 2022-02-25 16:29:56 --> Unknown column 'created_at' in 'field list'
CRITICAL - 2022-02-25 16:29:56 --> Call to a member function listErrors() on null
#0 D:\registrosRest\system\CodeIgniter.php(825): App\Controllers\API\RolesController->create()
#1 D:\registrosRest\system\CodeIgniter.php(412): CodeIgniter\CodeIgniter->runController(Object(App\Controllers\API\RolesController))
#2 D:\registrosRest\system\CodeIgniter.php(320): CodeIgniter\CodeIgniter->handleRequest(NULL, Object(Config\Cache), false)
#3 D:\registrosRest\public\index.php(37): CodeIgniter\CodeIgniter->run()
#4 D:\registrosRest\system\Commands\Server\rewrite.php(43): require_once('D:\\registrosRes...')
#5 {main}
ERROR - 2022-02-25 16:35:14 --> Unknown column 'created_at' in 'field list'
CRITICAL - 2022-02-25 16:35:14 --> Call to a member function listErrors() on null
#0 D:\registrosRest\system\CodeIgniter.php(825): App\Controllers\API\RolesController->create()
#1 D:\registrosRest\system\CodeIgniter.php(412): CodeIgniter\CodeIgniter->runController(Object(App\Controllers\API\RolesController))
#2 D:\registrosRest\system\CodeIgniter.php(320): CodeIgniter\CodeIgniter->handleRequest(NULL, Object(Config\Cache), false)
#3 D:\registrosRest\public\index.php(37): CodeIgniter\CodeIgniter->run()
#4 D:\registrosRest\system\Commands\Server\rewrite.php(43): require_once('D:\\registrosRes...')
#5 {main}
ERROR - 2022-02-25 16:35:22 --> Unknown column 'created_at' in 'field list'
CRITICAL - 2022-02-25 16:35:22 --> Call to a member function listErrors() on null
#0 D:\registrosRest\system\CodeIgniter.php(825): App\Controllers\API\RolesController->create()
#1 D:\registrosRest\system\CodeIgniter.php(412): CodeIgniter\CodeIgniter->runController(Object(App\Controllers\API\RolesController))
#2 D:\registrosRest\system\CodeIgniter.php(320): CodeIgniter\CodeIgniter->handleRequest(NULL, Object(Config\Cache), false)
#3 D:\registrosRest\public\index.php(37): CodeIgniter\CodeIgniter->run()
#4 D:\registrosRest\system\Commands\Server\rewrite.php(43): require_once('D:\\registrosRes...')
#5 {main}
CRITICAL - 2022-02-25 16:35:31 --> Attempt to assign property "id_rol" on array
#0 D:\registrosRest\system\CodeIgniter.php(825): App\Controllers\API\RolesController->create()
#1 D:\registrosRest\system\CodeIgniter.php(412): CodeIgniter\CodeIgniter->runController(Object(App\Controllers\API\RolesController))
#2 D:\registrosRest\system\CodeIgniter.php(320): CodeIgniter\CodeIgniter->handleRequest(NULL, Object(Config\Cache), false)
#3 D:\registrosRest\public\index.php(37): CodeIgniter\CodeIgniter->run()
#4 D:\registrosRest\system\Commands\Server\rewrite.php(43): require_once('D:\\registrosRes...')
#5 {main}
CRITICAL - 2022-02-25 16:35:32 --> Attempt to assign property "id_rol" on array
#0 D:\registrosRest\system\CodeIgniter.php(825): App\Controllers\API\RolesController->create()
#1 D:\registrosRest\system\CodeIgniter.php(412): CodeIgniter\CodeIgniter->runController(Object(App\Controllers\API\RolesController))
#2 D:\registrosRest\system\CodeIgniter.php(320): CodeIgniter\CodeIgniter->handleRequest(NULL, Object(Config\Cache), false)
#3 D:\registrosRest\public\index.php(37): CodeIgniter\CodeIgniter->run()
#4 D:\registrosRest\system\Commands\Server\rewrite.php(43): require_once('D:\\registrosRes...')
#5 {main}
CRITICAL - 2022-02-25 16:36:04 --> Attempt to assign property "id_rol" on array
#0 D:\registrosRest\system\CodeIgniter.php(825): App\Controllers\API\RolesController->create()
#1 D:\registrosRest\system\CodeIgniter.php(412): CodeIgniter\CodeIgniter->runController(Object(App\Controllers\API\RolesController))
#2 D:\registrosRest\system\CodeIgniter.php(320): CodeIgniter\CodeIgniter->handleRequest(NULL, Object(Config\Cache), false)
#3 D:\registrosRest\public\index.php(37): CodeIgniter\CodeIgniter->run()
#4 D:\registrosRest\system\Commands\Server\rewrite.php(43): require_once('D:\\registrosRes...')
#5 {main}
CRITICAL - 2022-02-25 16:36:05 --> Attempt to assign property "id_rol" on array
#0 D:\registrosRest\system\CodeIgniter.php(825): App\Controllers\API\RolesController->create()
#1 D:\registrosRest\system\CodeIgniter.php(412): CodeIgniter\CodeIgniter->runController(Object(App\Controllers\API\RolesController))
#2 D:\registrosRest\system\CodeIgniter.php(320): CodeIgniter\CodeIgniter->handleRequest(NULL, Object(Config\Cache), false)
#3 D:\registrosRest\public\index.php(37): CodeIgniter\CodeIgniter->run()
#4 D:\registrosRest\system\Commands\Server\rewrite.php(43): require_once('D:\\registrosRes...')
#5 {main}
CRITICAL - 2022-02-25 16:36:11 --> Attempt to assign property "id_rol" on array
#0 D:\registrosRest\system\CodeIgniter.php(825): App\Controllers\API\RolesController->create()
#1 D:\registrosRest\system\CodeIgniter.php(412): CodeIgniter\CodeIgniter->runController(Object(App\Controllers\API\RolesController))
#2 D:\registrosRest\system\CodeIgniter.php(320): CodeIgniter\CodeIgniter->handleRequest(NULL, Object(Config\Cache), false)
#3 D:\registrosRest\public\index.php(37): CodeIgniter\CodeIgniter->run()
#4 D:\registrosRest\system\Commands\Server\rewrite.php(43): require_once('D:\\registrosRes...')
#5 {main}
CRITICAL - 2022-02-25 16:36:57 --> Attempt to assign property "id_rol" on array
#0 D:\registrosRest\system\CodeIgniter.php(825): App\Controllers\API\RolesController->create()
#1 D:\registrosRest\system\CodeIgniter.php(412): CodeIgniter\CodeIgniter->runController(Object(App\Controllers\API\RolesController))
#2 D:\registrosRest\system\CodeIgniter.php(320): CodeIgniter\CodeIgniter->handleRequest(NULL, Object(Config\Cache), false)
#3 D:\registrosRest\public\index.php(37): CodeIgniter\CodeIgniter->run()
#4 D:\registrosRest\system\Commands\Server\rewrite.php(43): require_once('D:\\registrosRes...')
#5 {main}
CRITICAL - 2022-02-25 16:42:53 --> Attempt to assign property "id_rol" on array
#0 D:\registrosRest\system\CodeIgniter.php(825): App\Controllers\API\RolesController->create()
#1 D:\registrosRest\system\CodeIgniter.php(412): CodeIgniter\CodeIgniter->runController(Object(App\Controllers\API\RolesController))
#2 D:\registrosRest\system\CodeIgniter.php(320): CodeIgniter\CodeIgniter->handleRequest(NULL, Object(Config\Cache), false)
#3 D:\registrosRest\public\index.php(37): CodeIgniter\CodeIgniter->run()
#4 D:\registrosRest\system\Commands\Server\rewrite.php(43): require_once('D:\\registrosRes...')
#5 {main}
CRITICAL - 2022-02-25 16:43:33 --> Attempt to assign property "id_rol" on array
#0 D:\registrosRest\system\CodeIgniter.php(825): App\Controllers\API\RolesController->create()
#1 D:\registrosRest\system\CodeIgniter.php(412): CodeIgniter\CodeIgniter->runController(Object(App\Controllers\API\RolesController))
#2 D:\registrosRest\system\CodeIgniter.php(320): CodeIgniter\CodeIgniter->handleRequest(NULL, Object(Config\Cache), false)
#3 D:\registrosRest\public\index.php(37): CodeIgniter\CodeIgniter->run()
#4 D:\registrosRest\system\Commands\Server\rewrite.php(43): require_once('D:\\registrosRes...')
#5 {main}
CRITICAL - 2022-02-25 17:12:50 --> CodeIgniter\Validation\Validation::run(): Argument #1 ($data) must be of type ?array, stdClass given, called in D:\registrosRest\app\Controllers\API\RolesController.php on line 31
#0 D:\registrosRest\app\Controllers\API\RolesController.php(31): CodeIgniter\Validation\Validation->run(Object(stdClass), 'rules_roles')
#1 D:\registrosRest\system\CodeIgniter.php(825): App\Controllers\API\RolesController->create()
#2 D:\registrosRest\system\CodeIgniter.php(412): CodeIgniter\CodeIgniter->runController(Object(App\Controllers\API\RolesController))
#3 D:\registrosRest\system\CodeIgniter.php(320): CodeIgniter\CodeIgniter->handleRequest(NULL, Object(Config\Cache), false)
#4 D:\registrosRest\public\index.php(37): CodeIgniter\CodeIgniter->run()
#5 D:\registrosRest\system\Commands\Server\rewrite.php(43): require_once('D:\\registrosRes...')
#6 {main}
CRITICAL - 2022-02-25 17:13:02 --> CodeIgniter\Validation\Validation::run(): Argument #1 ($data) must be of type ?array, stdClass given, called in D:\registrosRest\app\Controllers\API\RolesController.php on line 31
#0 D:\registrosRest\app\Controllers\API\RolesController.php(31): CodeIgniter\Validation\Validation->run(Object(stdClass), 'rules_roles')
#1 D:\registrosRest\system\CodeIgniter.php(825): App\Controllers\API\RolesController->create()
#2 D:\registrosRest\system\CodeIgniter.php(412): CodeIgniter\CodeIgniter->runController(Object(App\Controllers\API\RolesController))
#3 D:\registrosRest\system\CodeIgniter.php(320): CodeIgniter\CodeIgniter->handleRequest(NULL, Object(Config\Cache), false)
#4 D:\registrosRest\public\index.php(37): CodeIgniter\CodeIgniter->run()
#5 D:\registrosRest\system\Commands\Server\rewrite.php(43): require_once('D:\\registrosRes...')
#6 {main}
CRITICAL - 2022-02-25 17:13:22 --> CodeIgniter\Validation\Validation::run(): Argument #1 ($data) must be of type ?array, stdClass given, called in D:\registrosRest\app\Controllers\API\RolesController.php on line 31
#0 D:\registrosRest\app\Controllers\API\RolesController.php(31): CodeIgniter\Validation\Validation->run(Object(stdClass), 'rules_roles')
#1 D:\registrosRest\system\CodeIgniter.php(825): App\Controllers\API\RolesController->create()
#2 D:\registrosRest\system\CodeIgniter.php(412): CodeIgniter\CodeIgniter->runController(Object(App\Controllers\API\RolesController))
#3 D:\registrosRest\system\CodeIgniter.php(320): CodeIgniter\CodeIgniter->handleRequest(NULL, Object(Config\Cache), false)
#4 D:\registrosRest\public\index.php(37): CodeIgniter\CodeIgniter->run()
#5 D:\registrosRest\system\Commands\Server\rewrite.php(43): require_once('D:\\registrosRes...')
#6 {main}
CRITICAL - 2022-02-25 17:14:53 --> CodeIgniter\Validation\Validation::run(): Argument #1 ($data) must be of type ?array, stdClass given, called in D:\registrosRest\app\Controllers\API\RolesController.php on line 31
#0 D:\registrosRest\app\Controllers\API\RolesController.php(31): CodeIgniter\Validation\Validation->run(Object(stdClass), 'rules_roles')
#1 D:\registrosRest\system\CodeIgniter.php(825): App\Controllers\API\RolesController->create()
#2 D:\registrosRest\system\CodeIgniter.php(412): CodeIgniter\CodeIgniter->runController(Object(App\Controllers\API\RolesController))
#3 D:\registrosRest\system\CodeIgniter.php(320): CodeIgniter\CodeIgniter->handleRequest(NULL, Object(Config\Cache), false)
#4 D:\registrosRest\public\index.php(37): CodeIgniter\CodeIgniter->run()
#5 D:\registrosRest\system\Commands\Server\rewrite.php(43): require_once('D:\\registrosRes...')
#6 {main}
CRITICAL - 2022-02-25 17:16:24 --> CodeIgniter\Validation\Validation::run(): Argument #1 ($data) must be of type ?array, stdClass given, called in D:\registrosRest\app\Controllers\API\RolesController.php on line 31
#0 D:\registrosRest\app\Controllers\API\RolesController.php(31): CodeIgniter\Validation\Validation->run(Object(stdClass), 'rules_roles')
#1 D:\registrosRest\system\CodeIgniter.php(825): App\Controllers\API\RolesController->create()
#2 D:\registrosRest\system\CodeIgniter.php(412): CodeIgniter\CodeIgniter->runController(Object(App\Controllers\API\RolesController))
#3 D:\registrosRest\system\CodeIgniter.php(320): CodeIgniter\CodeIgniter->handleRequest(NULL, Object(Config\Cache), false)
#4 D:\registrosRest\public\index.php(37): CodeIgniter\CodeIgniter->run()
#5 D:\registrosRest\system\Commands\Server\rewrite.php(43): require_once('D:\\registrosRes...')
#6 {main}
CRITICAL - 2022-02-25 17:16:25 --> CodeIgniter\Validation\Validation::run(): Argument #1 ($data) must be of type ?array, stdClass given, called in D:\registrosRest\app\Controllers\API\RolesController.php on line 31
#0 D:\registrosRest\app\Controllers\API\RolesController.php(31): CodeIgniter\Validation\Validation->run(Object(stdClass), 'rules_roles')
#1 D:\registrosRest\system\CodeIgniter.php(825): App\Controllers\API\RolesController->create()
#2 D:\registrosRest\system\CodeIgniter.php(412): CodeIgniter\CodeIgniter->runController(Object(App\Controllers\API\RolesController))
#3 D:\registrosRest\system\CodeIgniter.php(320): CodeIgniter\CodeIgniter->handleRequest(NULL, Object(Config\Cache), false)
#4 D:\registrosRest\public\index.php(37): CodeIgniter\CodeIgniter->run()
#5 D:\registrosRest\system\Commands\Server\rewrite.php(43): require_once('D:\\registrosRes...')
#6 {main}
CRITICAL - 2022-02-25 17:18:34 --> CodeIgniter\Validation\Validation::run(): Argument #1 ($data) must be of type ?array, stdClass given, called in D:\registrosRest\app\Controllers\API\RolesController.php on line 31
#0 D:\registrosRest\app\Controllers\API\RolesController.php(31): CodeIgniter\Validation\Validation->run(Object(stdClass), 'rules_roles')
#1 D:\registrosRest\system\CodeIgniter.php(825): App\Controllers\API\RolesController->create()
#2 D:\registrosRest\system\CodeIgniter.php(412): CodeIgniter\CodeIgniter->runController(Object(App\Controllers\API\RolesController))
#3 D:\registrosRest\system\CodeIgniter.php(320): CodeIgniter\CodeIgniter->handleRequest(NULL, Object(Config\Cache), false)
#4 D:\registrosRest\public\index.php(37): CodeIgniter\CodeIgniter->run()
#5 D:\registrosRest\system\Commands\Server\rewrite.php(43): require_once('D:\\registrosRes...')
#6 {main}
CRITICAL - 2022-02-25 17:19:36 --> Object of class CodeIgniter\Validation\Validation could not be converted to string
#0 D:\registrosRest\system\CodeIgniter.php(825): App\Controllers\API\RolesController->create()
#1 D:\registrosRest\system\CodeIgniter.php(412): CodeIgniter\CodeIgniter->runController(Object(App\Controllers\API\RolesController))
#2 D:\registrosRest\system\CodeIgniter.php(320): CodeIgniter\CodeIgniter->handleRequest(NULL, Object(Config\Cache), false)
#3 D:\registrosRest\public\index.php(37): CodeIgniter\CodeIgniter->run()
#4 D:\registrosRest\system\Commands\Server\rewrite.php(43): require_once('D:\\registrosRes...')
#5 {main}
CRITICAL - 2022-02-25 17:20:08 --> CodeIgniter\BaseModel::transformDataToArray(): Return value must be of type array, string returned
#0 D:\registrosRest\system\BaseModel.php(704): CodeIgniter\BaseModel->transformDataToArray('DIRECTORES', 'insert')
#1 D:\registrosRest\system\Model.php(625): CodeIgniter\BaseModel->insert('DIRECTORES', true)
#2 D:\registrosRest\app\Controllers\API\RolesController.php(30): CodeIgniter\Model->insert('DIRECTORES')
#3 D:\registrosRest\system\CodeIgniter.php(825): App\Controllers\API\RolesController->create()
#4 D:\registrosRest\system\CodeIgniter.php(412): CodeIgniter\CodeIgniter->runController(Object(App\Controllers\API\RolesController))
#5 D:\registrosRest\system\CodeIgniter.php(320): CodeIgniter\CodeIgniter->handleRequest(NULL, Object(Config\Cache), false)
#6 D:\registrosRest\public\index.php(37): CodeIgniter\CodeIgniter->run()
#7 D:\registrosRest\system\Commands\Server\rewrite.php(43): require_once('D:\\registrosRes...')
#8 {main}
ERROR - 2022-02-25 17:20:44 --> Unknown column 'created_at' in 'field list'
CRITICAL - 2022-02-25 17:20:44 --> Call to a member function listErrors() on null
#0 D:\registrosRest\system\CodeIgniter.php(825): App\Controllers\API\RolesController->create()
#1 D:\registrosRest\system\CodeIgniter.php(412): CodeIgniter\CodeIgniter->runController(Object(App\Controllers\API\RolesController))
#2 D:\registrosRest\system\CodeIgniter.php(320): CodeIgniter\CodeIgniter->handleRequest(NULL, Object(Config\Cache), false)
#3 D:\registrosRest\public\index.php(37): CodeIgniter\CodeIgniter->run()
#4 D:\registrosRest\system\Commands\Server\rewrite.php(43): require_once('D:\\registrosRes...')
#5 {main}
CRITICAL - 2022-02-25 17:21:16 --> CodeIgniter\Validation\Validation::run(): Argument #1 ($data) must be of type ?array, stdClass given, called in D:\registrosRest\app\Controllers\API\RolesController.php on line 31
#0 D:\registrosRest\app\Controllers\API\RolesController.php(31): CodeIgniter\Validation\Validation->run(Object(stdClass), 'rules_roles')
#1 D:\registrosRest\system\CodeIgniter.php(825): App\Controllers\API\RolesController->create()
#2 D:\registrosRest\system\CodeIgniter.php(412): CodeIgniter\CodeIgniter->runController(Object(App\Controllers\API\RolesController))
#3 D:\registrosRest\system\CodeIgniter.php(320): CodeIgniter\CodeIgniter->handleRequest(NULL, Object(Config\Cache), false)
#4 D:\registrosRest\public\index.php(37): CodeIgniter\CodeIgniter->run()
#5 D:\registrosRest\system\Commands\Server\rewrite.php(43): require_once('D:\\registrosRes...')
#6 {main}
CRITICAL - 2022-02-25 17:22:24 --> CodeIgniter\Validation\Validation::run(): Argument #1 ($data) must be of type ?array, stdClass given, called in D:\registrosRest\app\Controllers\API\RolesController.php on line 31
#0 D:\registrosRest\app\Controllers\API\RolesController.php(31): CodeIgniter\Validation\Validation->run(Object(stdClass), 'rules_roles')
#1 D:\registrosRest\system\CodeIgniter.php(825): App\Controllers\API\RolesController->create()
#2 D:\registrosRest\system\CodeIgniter.php(412): CodeIgniter\CodeIgniter->runController(Object(App\Controllers\API\RolesController))
#3 D:\registrosRest\system\CodeIgniter.php(320): CodeIgniter\CodeIgniter->handleRequest(NULL, Object(Config\Cache), false)
#4 D:\registrosRest\public\index.php(37): CodeIgniter\CodeIgniter->run()
#5 D:\registrosRest\system\Commands\Server\rewrite.php(43): require_once('D:\\registrosRes...')
#6 {main}
CRITICAL - 2022-02-25 17:23:30 --> CodeIgniter\Validation\Validation::run(): Argument #1 ($data) must be of type ?array, stdClass given, called in D:\registrosRest\app\Controllers\API\RolesController.php on line 32
#0 D:\registrosRest\app\Controllers\API\RolesController.php(32): CodeIgniter\Validation\Validation->run(Object(stdClass), 'rules_roles')
#1 D:\registrosRest\system\CodeIgniter.php(825): App\Controllers\API\RolesController->create()
#2 D:\registrosRest\system\CodeIgniter.php(412): CodeIgniter\CodeIgniter->runController(Object(App\Controllers\API\RolesController))
#3 D:\registrosRest\system\CodeIgniter.php(320): CodeIgniter\CodeIgniter->handleRequest(NULL, Object(Config\Cache), false)
#4 D:\registrosRest\public\index.php(37): CodeIgniter\CodeIgniter->run()
#5 D:\registrosRest\system\Commands\Server\rewrite.php(43): require_once('D:\\registrosRes...')
#6 {main}
CRITICAL - 2022-02-25 17:23:31 --> CodeIgniter\Validation\Validation::run(): Argument #1 ($data) must be of type ?array, stdClass given, called in D:\registrosRest\app\Controllers\API\RolesController.php on line 32
#0 D:\registrosRest\app\Controllers\API\RolesController.php(32): CodeIgniter\Validation\Validation->run(Object(stdClass), 'rules_roles')
#1 D:\registrosRest\system\CodeIgniter.php(825): App\Controllers\API\RolesController->create()
#2 D:\registrosRest\system\CodeIgniter.php(412): CodeIgniter\CodeIgniter->runController(Object(App\Controllers\API\RolesController))
#3 D:\registrosRest\system\CodeIgniter.php(320): CodeIgniter\CodeIgniter->handleRequest(NULL, Object(Config\Cache), false)
#4 D:\registrosRest\public\index.php(37): CodeIgniter\CodeIgniter->run()
#5 D:\registrosRest\system\Commands\Server\rewrite.php(43): require_once('D:\\registrosRes...')
#6 {main}
CRITICAL - 2022-02-25 17:24:43 --> CodeIgniter\Validation\Validation::run(): Argument #1 ($data) must be of type ?array, stdClass given, called in D:\registrosRest\app\Controllers\API\RolesController.php on line 32
#0 D:\registrosRest\app\Controllers\API\RolesController.php(32): CodeIgniter\Validation\Validation->run(Object(stdClass), 'rules_roles')
#1 D:\registrosRest\system\CodeIgniter.php(825): App\Controllers\API\RolesController->create()
#2 D:\registrosRest\system\CodeIgniter.php(412): CodeIgniter\CodeIgniter->runController(Object(App\Controllers\API\RolesController))
#3 D:\registrosRest\system\CodeIgniter.php(320): CodeIgniter\CodeIgniter->handleRequest(NULL, Object(Config\Cache), false)
#4 D:\registrosRest\public\index.php(37): CodeIgniter\CodeIgniter->run()
#5 D:\registrosRest\system\Commands\Server\rewrite.php(43): require_once('D:\\registrosRes...')
#6 {main}
CRITICAL - 2022-02-25 17:24:45 --> CodeIgniter\Validation\Validation::run(): Argument #1 ($data) must be of type ?array, stdClass given, called in D:\registrosRest\app\Controllers\API\RolesController.php on line 32
#0 D:\registrosRest\app\Controllers\API\RolesController.php(32): CodeIgniter\Validation\Validation->run(Object(stdClass), 'rules_roles')
#1 D:\registrosRest\system\CodeIgniter.php(825): App\Controllers\API\RolesController->create()
#2 D:\registrosRest\system\CodeIgniter.php(412): CodeIgniter\CodeIgniter->runController(Object(App\Controllers\API\RolesController))
#3 D:\registrosRest\system\CodeIgniter.php(320): CodeIgniter\CodeIgniter->handleRequest(NULL, Object(Config\Cache), false)
#4 D:\registrosRest\public\index.php(37): CodeIgniter\CodeIgniter->run()
#5 D:\registrosRest\system\Commands\Server\rewrite.php(43): require_once('D:\\registrosRes...')
#6 {main}
CRITICAL - 2022-02-25 17:26:02 --> CodeIgniter\Validation\Validation::run(): Argument #1 ($data) must be of type ?array, stdClass given, called in D:\registrosRest\app\Controllers\API\RolesController.php on line 31
#0 D:\registrosRest\app\Controllers\API\RolesController.php(31): CodeIgniter\Validation\Validation->run(Object(stdClass), 'rules_roles')
#1 D:\registrosRest\system\CodeIgniter.php(825): App\Controllers\API\RolesController->create()
#2 D:\registrosRest\system\CodeIgniter.php(412): CodeIgniter\CodeIgniter->runController(Object(App\Controllers\API\RolesController))
#3 D:\registrosRest\system\CodeIgniter.php(320): CodeIgniter\CodeIgniter->handleRequest(NULL, Object(Config\Cache), false)
#4 D:\registrosRest\public\index.php(37): CodeIgniter\CodeIgniter->run()
#5 D:\registrosRest\system\Commands\Server\rewrite.php(43): require_once('D:\\registrosRes...')
#6 {main}
CRITICAL - 2022-02-25 17:26:07 --> CodeIgniter\Validation\Validation::run(): Argument #1 ($data) must be of type ?array, stdClass given, called in D:\registrosRest\app\Controllers\API\RolesController.php on line 31
#0 D:\registrosRest\app\Controllers\API\RolesController.php(31): CodeIgniter\Validation\Validation->run(Object(stdClass), 'rules_roles')
#1 D:\registrosRest\system\CodeIgniter.php(825): App\Controllers\API\RolesController->create()
#2 D:\registrosRest\system\CodeIgniter.php(412): CodeIgniter\CodeIgniter->runController(Object(App\Controllers\API\RolesController))
#3 D:\registrosRest\system\CodeIgniter.php(320): CodeIgniter\CodeIgniter->handleRequest(NULL, Object(Config\Cache), false)
#4 D:\registrosRest\public\index.php(37): CodeIgniter\CodeIgniter->run()
#5 D:\registrosRest\system\Commands\Server\rewrite.php(43): require_once('D:\\registrosRes...')
#6 {main}
CRITICAL - 2022-02-25 17:26:21 --> CodeIgniter\Validation\Validation::run(): Argument #1 ($data) must be of type ?array, stdClass given, called in D:\registrosRest\app\Controllers\API\RolesController.php on line 31
#0 D:\registrosRest\app\Controllers\API\RolesController.php(31): CodeIgniter\Validation\Validation->run(Object(stdClass), 'rules_roles')
#1 D:\registrosRest\system\CodeIgniter.php(825): App\Controllers\API\RolesController->create()
#2 D:\registrosRest\system\CodeIgniter.php(412): CodeIgniter\CodeIgniter->runController(Object(App\Controllers\API\RolesController))
#3 D:\registrosRest\system\CodeIgniter.php(320): CodeIgniter\CodeIgniter->handleRequest(NULL, Object(Config\Cache), false)
#4 D:\registrosRest\public\index.php(37): CodeIgniter\CodeIgniter->run()
#5 D:\registrosRest\system\Commands\Server\rewrite.php(43): require_once('D:\\registrosRes...')
#6 {main}
CRITICAL - 2022-02-25 17:26:30 --> CodeIgniter\Validation\Validation::run(): Argument #1 ($data) must be of type ?array, stdClass given, called in D:\registrosRest\app\Controllers\API\RolesController.php on line 31
#0 D:\registrosRest\app\Controllers\API\RolesController.php(31): CodeIgniter\Validation\Validation->run(Object(stdClass), 'rules_roles')
#1 D:\registrosRest\system\CodeIgniter.php(825): App\Controllers\API\RolesController->create()
#2 D:\registrosRest\system\CodeIgniter.php(412): CodeIgniter\CodeIgniter->runController(Object(App\Controllers\API\RolesController))
#3 D:\registrosRest\system\CodeIgniter.php(320): CodeIgniter\CodeIgniter->handleRequest(NULL, Object(Config\Cache), false)
#4 D:\registrosRest\public\index.php(37): CodeIgniter\CodeIgniter->run()
#5 D:\registrosRest\system\Commands\Server\rewrite.php(43): require_once('D:\\registrosRes...')
#6 {main}
CRITICAL - 2022-02-25 17:28:01 --> CodeIgniter\Validation\Validation::run(): Argument #1 ($data) must be of type ?array, stdClass given, called in D:\registrosRest\app\Controllers\API\RolesController.php on line 31
#0 D:\registrosRest\app\Controllers\API\RolesController.php(31): CodeIgniter\Validation\Validation->run(Object(stdClass), 'rules_roles')
#1 D:\registrosRest\system\CodeIgniter.php(825): App\Controllers\API\RolesController->create()
#2 D:\registrosRest\system\CodeIgniter.php(412): CodeIgniter\CodeIgniter->runController(Object(App\Controllers\API\RolesController))
#3 D:\registrosRest\system\CodeIgniter.php(320): CodeIgniter\CodeIgniter->handleRequest(NULL, Object(Config\Cache), false)
#4 D:\registrosRest\public\index.php(37): CodeIgniter\CodeIgniter->run()
#5 D:\registrosRest\system\Commands\Server\rewrite.php(43): require_once('D:\\registrosRes...')
#6 {main}
CRITICAL - 2022-02-25 17:28:05 --> CodeIgniter\Validation\Validation::run(): Argument #1 ($data) must be of type ?array, stdClass given, called in D:\registrosRest\app\Controllers\API\RolesController.php on line 31
#0 D:\registrosRest\app\Controllers\API\RolesController.php(31): CodeIgniter\Validation\Validation->run(Object(stdClass), 'rules_roles')
#1 D:\registrosRest\system\CodeIgniter.php(825): App\Controllers\API\RolesController->create()
#2 D:\registrosRest\system\CodeIgniter.php(412): CodeIgniter\CodeIgniter->runController(Object(App\Controllers\API\RolesController))
#3 D:\registrosRest\system\CodeIgniter.php(320): CodeIgniter\CodeIgniter->handleRequest(NULL, Object(Config\Cache), false)
#4 D:\registrosRest\public\index.php(37): CodeIgniter\CodeIgniter->run()
#5 D:\registrosRest\system\Commands\Server\rewrite.php(43): require_once('D:\\registrosRes...')
#6 {main}
CRITICAL - 2022-02-25 17:28:15 --> CodeIgniter\Validation\Validation::run(): Argument #1 ($data) must be of type ?array, stdClass given, called in D:\registrosRest\app\Controllers\API\RolesController.php on line 31
#0 D:\registrosRest\app\Controllers\API\RolesController.php(31): CodeIgniter\Validation\Validation->run(Object(stdClass), 'rules_roles')
#1 D:\registrosRest\system\CodeIgniter.php(825): App\Controllers\API\RolesController->create()
#2 D:\registrosRest\system\CodeIgniter.php(412): CodeIgniter\CodeIgniter->runController(Object(App\Controllers\API\RolesController))
#3 D:\registrosRest\system\CodeIgniter.php(320): CodeIgniter\CodeIgniter->handleRequest(NULL, Object(Config\Cache), false)
#4 D:\registrosRest\public\index.php(37): CodeIgniter\CodeIgniter->run()
#5 D:\registrosRest\system\Commands\Server\rewrite.php(43): require_once('D:\\registrosRes...')
#6 {main}
CRITICAL - 2022-02-25 17:32:03 --> CodeIgniter\Validation\Validation::run(): Argument #1 ($data) must be of type ?array, stdClass given, called in D:\registrosRest\app\Controllers\API\RolesController.php on line 31
#0 D:\registrosRest\app\Controllers\API\RolesController.php(31): CodeIgniter\Validation\Validation->run(Object(stdClass), 'rules_roles')
#1 D:\registrosRest\system\CodeIgniter.php(825): App\Controllers\API\RolesController->create()
#2 D:\registrosRest\system\CodeIgniter.php(412): CodeIgniter\CodeIgniter->runController(Object(App\Controllers\API\RolesController))
#3 D:\registrosRest\system\CodeIgniter.php(320): CodeIgniter\CodeIgniter->handleRequest(NULL, Object(Config\Cache), false)
#4 D:\registrosRest\public\index.php(37): CodeIgniter\CodeIgniter->run()
#5 D:\registrosRest\system\Commands\Server\rewrite.php(43): require_once('D:\\registrosRes...')
#6 {main}
CRITICAL - 2022-02-25 17:32:44 --> CodeIgniter\Validation\Validation::run(): Argument #1 ($data) must be of type ?array, stdClass given, called in D:\registrosRest\app\Controllers\API\RolesController.php on line 31
#0 D:\registrosRest\app\Controllers\API\RolesController.php(31): CodeIgniter\Validation\Validation->run(Object(stdClass), 'rules_roles')
#1 D:\registrosRest\system\CodeIgniter.php(825): App\Controllers\API\RolesController->create()
#2 D:\registrosRest\system\CodeIgniter.php(412): CodeIgniter\CodeIgniter->runController(Object(App\Controllers\API\RolesController))
#3 D:\registrosRest\system\CodeIgniter.php(320): CodeIgniter\CodeIgniter->handleRequest(NULL, Object(Config\Cache), false)
#4 D:\registrosRest\public\index.php(37): CodeIgniter\CodeIgniter->run()
#5 D:\registrosRest\system\Commands\Server\rewrite.php(43): require_once('D:\\registrosRes...')
#6 {main}
CRITICAL - 2022-02-25 17:32:45 --> CodeIgniter\Validation\Validation::run(): Argument #1 ($data) must be of type ?array, stdClass given, called in D:\registrosRest\app\Controllers\API\RolesController.php on line 31
#0 D:\registrosRest\app\Controllers\API\RolesController.php(31): CodeIgniter\Validation\Validation->run(Object(stdClass), 'rules_roles')
#1 D:\registrosRest\system\CodeIgniter.php(825): App\Controllers\API\RolesController->create()
#2 D:\registrosRest\system\CodeIgniter.php(412): CodeIgniter\CodeIgniter->runController(Object(App\Controllers\API\RolesController))
#3 D:\registrosRest\system\CodeIgniter.php(320): CodeIgniter\CodeIgniter->handleRequest(NULL, Object(Config\Cache), false)
#4 D:\registrosRest\public\index.php(37): CodeIgniter\CodeIgniter->run()
#5 D:\registrosRest\system\Commands\Server\rewrite.php(43): require_once('D:\\registrosRes...')
#6 {main}
CRITICAL - 2022-02-25 17:34:47 --> CodeIgniter\Config\Services::validation(): Argument #2 ($getShared) must be of type bool, stdClass given, called in D:\registrosRest\system\Config\BaseService.php on line 248
#0 D:\registrosRest\system\Config\BaseService.php(248): CodeIgniter\Config\Services::validation(Object(Config\Validation), Object(stdClass), 'rules_roles')
#1 D:\registrosRest\app\Controllers\API\RolesController.php(32): CodeIgniter\Config\BaseService::__callStatic('validation', Array)
#2 D:\registrosRest\system\CodeIgniter.php(825): App\Controllers\API\RolesController->create()
#3 D:\registrosRest\system\CodeIgniter.php(412): CodeIgniter\CodeIgniter->runController(Object(App\Controllers\API\RolesController))
#4 D:\registrosRest\system\CodeIgniter.php(320): CodeIgniter\CodeIgniter->handleRequest(NULL, Object(Config\Cache), false)
#5 D:\registrosRest\public\index.php(37): CodeIgniter\CodeIgniter->run()
#6 D:\registrosRest\system\Commands\Server\rewrite.php(43): require_once('D:\\registrosRes...')
#7 {main}
CRITICAL - 2022-02-25 17:34:52 --> CodeIgniter\Config\Services::validation(): Argument #2 ($getShared) must be of type bool, stdClass given, called in D:\registrosRest\system\Config\BaseService.php on line 248
#0 D:\registrosRest\system\Config\BaseService.php(248): CodeIgniter\Config\Services::validation(Object(Config\Validation), Object(stdClass), 'rules_roles')
#1 D:\registrosRest\app\Controllers\API\RolesController.php(32): CodeIgniter\Config\BaseService::__callStatic('validation', Array)
#2 D:\registrosRest\system\CodeIgniter.php(825): App\Controllers\API\RolesController->create()
#3 D:\registrosRest\system\CodeIgniter.php(412): CodeIgniter\CodeIgniter->runController(Object(App\Controllers\API\RolesController))
#4 D:\registrosRest\system\CodeIgniter.php(320): CodeIgniter\CodeIgniter->handleRequest(NULL, Object(Config\Cache), false)
#5 D:\registrosRest\public\index.php(37): CodeIgniter\CodeIgniter->run()
#6 D:\registrosRest\system\Commands\Server\rewrite.php(43): require_once('D:\\registrosRes...')
#7 {main}
CRITICAL - 2022-02-25 17:36:06 --> CodeIgniter\Validation\Validation::run(): Argument #1 ($data) must be of type ?array, stdClass given, called in D:\registrosRest\app\Controllers\API\RolesController.php on line 31
#0 D:\registrosRest\app\Controllers\API\RolesController.php(31): CodeIgniter\Validation\Validation->run(Object(stdClass), 'rules_roles')
#1 D:\registrosRest\system\CodeIgniter.php(825): App\Controllers\API\RolesController->create()
#2 D:\registrosRest\system\CodeIgniter.php(412): CodeIgniter\CodeIgniter->runController(Object(App\Controllers\API\RolesController))
#3 D:\registrosRest\system\CodeIgniter.php(320): CodeIgniter\CodeIgniter->handleRequest(NULL, Object(Config\Cache), false)
#4 D:\registrosRest\public\index.php(37): CodeIgniter\CodeIgniter->run()
#5 D:\registrosRest\system\Commands\Server\rewrite.php(43): require_once('D:\\registrosRes...')
#6 {main}
CRITICAL - 2022-02-25 17:36:09 --> CodeIgniter\Validation\Validation::run(): Argument #1 ($data) must be of type ?array, stdClass given, called in D:\registrosRest\app\Controllers\API\RolesController.php on line 31
#0 D:\registrosRest\app\Controllers\API\RolesController.php(31): CodeIgniter\Validation\Validation->run(Object(stdClass), 'rules_roles')
#1 D:\registrosRest\system\CodeIgniter.php(825): App\Controllers\API\RolesController->create()
#2 D:\registrosRest\system\CodeIgniter.php(412): CodeIgniter\CodeIgniter->runController(Object(App\Controllers\API\RolesController))
#3 D:\registrosRest\system\CodeIgniter.php(320): CodeIgniter\CodeIgniter->handleRequest(NULL, Object(Config\Cache), false)
#4 D:\registrosRest\public\index.php(37): CodeIgniter\CodeIgniter->run()
#5 D:\registrosRest\system\Commands\Server\rewrite.php(43): require_once('D:\\registrosRes...')
#6 {main}
CRITICAL - 2022-02-25 17:36:10 --> CodeIgniter\Validation\Validation::run(): Argument #1 ($data) must be of type ?array, stdClass given, called in D:\registrosRest\app\Controllers\API\RolesController.php on line 31
#0 D:\registrosRest\app\Controllers\API\RolesController.php(31): CodeIgniter\Validation\Validation->run(Object(stdClass), 'rules_roles')
#1 D:\registrosRest\system\CodeIgniter.php(825): App\Controllers\API\RolesController->create()
#2 D:\registrosRest\system\CodeIgniter.php(412): CodeIgniter\CodeIgniter->runController(Object(App\Controllers\API\RolesController))
#3 D:\registrosRest\system\CodeIgniter.php(320): CodeIgniter\CodeIgniter->handleRequest(NULL, Object(Config\Cache), false)
#4 D:\registrosRest\public\index.php(37): CodeIgniter\CodeIgniter->run()
#5 D:\registrosRest\system\Commands\Server\rewrite.php(43): require_once('D:\\registrosRes...')
#6 {main}
CRITICAL - 2022-02-25 17:36:13 --> CodeIgniter\Validation\Validation::run(): Argument #1 ($data) must be of type ?array, stdClass given, called in D:\registrosRest\app\Controllers\API\RolesController.php on line 31
#0 D:\registrosRest\app\Controllers\API\RolesController.php(31): CodeIgniter\Validation\Validation->run(Object(stdClass), 'rules_roles')
#1 D:\registrosRest\system\CodeIgniter.php(825): App\Controllers\API\RolesController->create()
#2 D:\registrosRest\system\CodeIgniter.php(412): CodeIgniter\CodeIgniter->runController(Object(App\Controllers\API\RolesController))
#3 D:\registrosRest\system\CodeIgniter.php(320): CodeIgniter\CodeIgniter->handleRequest(NULL, Object(Config\Cache), false)
#4 D:\registrosRest\public\index.php(37): CodeIgniter\CodeIgniter->run()
#5 D:\registrosRest\system\Commands\Server\rewrite.php(43): require_once('D:\\registrosRes...')
#6 {main}
CRITICAL - 2022-02-25 17:36:16 --> CodeIgniter\Validation\Validation::run(): Argument #1 ($data) must be of type ?array, stdClass given, called in D:\registrosRest\app\Controllers\API\RolesController.php on line 31
#0 D:\registrosRest\app\Controllers\API\RolesController.php(31): CodeIgniter\Validation\Validation->run(Object(stdClass), 'rules_roles')
#1 D:\registrosRest\system\CodeIgniter.php(825): App\Controllers\API\RolesController->create()
#2 D:\registrosRest\system\CodeIgniter.php(412): CodeIgniter\CodeIgniter->runController(Object(App\Controllers\API\RolesController))
#3 D:\registrosRest\system\CodeIgniter.php(320): CodeIgniter\CodeIgniter->handleRequest(NULL, Object(Config\Cache), false)
#4 D:\registrosRest\public\index.php(37): CodeIgniter\CodeIgniter->run()
#5 D:\registrosRest\system\Commands\Server\rewrite.php(43): require_once('D:\\registrosRes...')
#6 {main}
CRITICAL - 2022-02-25 17:36:18 --> CodeIgniter\Validation\Validation::run(): Argument #1 ($data) must be of type ?array, stdClass given, called in D:\registrosRest\app\Controllers\API\RolesController.php on line 31
#0 D:\registrosRest\app\Controllers\API\RolesController.php(31): CodeIgniter\Validation\Validation->run(Object(stdClass), 'rules_roles')
#1 D:\registrosRest\system\CodeIgniter.php(825): App\Controllers\API\RolesController->create()
#2 D:\registrosRest\system\CodeIgniter.php(412): CodeIgniter\CodeIgniter->runController(Object(App\Controllers\API\RolesController))
#3 D:\registrosRest\system\CodeIgniter.php(320): CodeIgniter\CodeIgniter->handleRequest(NULL, Object(Config\Cache), false)
#4 D:\registrosRest\public\index.php(37): CodeIgniter\CodeIgniter->run()
#5 D:\registrosRest\system\Commands\Server\rewrite.php(43): require_once('D:\\registrosRes...')
#6 {main}
CRITICAL - 2022-02-25 17:38:49 --> CodeIgniter\Validation\Validation::run(): Argument #1 ($data) must be of type ?array, stdClass given, called in D:\registrosRest\app\Controllers\API\RolesController.php on line 31
#0 D:\registrosRest\app\Controllers\API\RolesController.php(31): CodeIgniter\Validation\Validation->run(Object(stdClass), 'rules_roles')
#1 D:\registrosRest\system\CodeIgniter.php(825): App\Controllers\API\RolesController->create()
#2 D:\registrosRest\system\CodeIgniter.php(412): CodeIgniter\CodeIgniter->runController(Object(App\Controllers\API\RolesController))
#3 D:\registrosRest\system\CodeIgniter.php(320): CodeIgniter\CodeIgniter->handleRequest(NULL, Object(Config\Cache), false)
#4 D:\registrosRest\public\index.php(37): CodeIgniter\CodeIgniter->run()
#5 D:\registrosRest\system\Commands\Server\rewrite.php(43): require_once('D:\\registrosRes...')
#6 {main}
CRITICAL - 2022-02-25 17:38:54 --> CodeIgniter\Validation\Validation::run(): Argument #1 ($data) must be of type ?array, stdClass given, called in D:\registrosRest\app\Controllers\API\RolesController.php on line 31
#0 D:\registrosRest\app\Controllers\API\RolesController.php(31): CodeIgniter\Validation\Validation->run(Object(stdClass), 'rules_roles')
#1 D:\registrosRest\system\CodeIgniter.php(825): App\Controllers\API\RolesController->create()
#2 D:\registrosRest\system\CodeIgniter.php(412): CodeIgniter\CodeIgniter->runController(Object(App\Controllers\API\RolesController))
#3 D:\registrosRest\system\CodeIgniter.php(320): CodeIgniter\CodeIgniter->handleRequest(NULL, Object(Config\Cache), false)
#4 D:\registrosRest\public\index.php(37): CodeIgniter\CodeIgniter->run()
#5 D:\registrosRest\system\Commands\Server\rewrite.php(43): require_once('D:\\registrosRes...')
#6 {main}
CRITICAL - 2022-02-25 17:42:01 --> CodeIgniter\Validation\Validation::setRules(): Argument #1 ($rules) must be of type array, stdClass given, called in D:\registrosRest\system\Controller.php on line 160
#0 D:\registrosRest\system\Controller.php(160): CodeIgniter\Validation\Validation->setRules(Object(stdClass), Array)
#1 D:\registrosRest\app\Controllers\API\RolesController.php(29): CodeIgniter\Controller->validate(Object(stdClass))
#2 D:\registrosRest\system\CodeIgniter.php(825): App\Controllers\API\RolesController->create()
#3 D:\registrosRest\system\CodeIgniter.php(412): CodeIgniter\CodeIgniter->runController(Object(App\Controllers\API\RolesController))
#4 D:\registrosRest\system\CodeIgniter.php(320): CodeIgniter\CodeIgniter->handleRequest(NULL, Object(Config\Cache), false)
#5 D:\registrosRest\public\index.php(37): CodeIgniter\CodeIgniter->run()
#6 D:\registrosRest\system\Commands\Server\rewrite.php(43): require_once('D:\\registrosRes...')
#7 {main}
CRITICAL - 2022-02-25 17:42:02 --> CodeIgniter\Validation\Validation::setRules(): Argument #1 ($rules) must be of type array, stdClass given, called in D:\registrosRest\system\Controller.php on line 160
#0 D:\registrosRest\system\Controller.php(160): CodeIgniter\Validation\Validation->setRules(Object(stdClass), Array)
#1 D:\registrosRest\app\Controllers\API\RolesController.php(29): CodeIgniter\Controller->validate(Object(stdClass))
#2 D:\registrosRest\system\CodeIgniter.php(825): App\Controllers\API\RolesController->create()
#3 D:\registrosRest\system\CodeIgniter.php(412): CodeIgniter\CodeIgniter->runController(Object(App\Controllers\API\RolesController))
#4 D:\registrosRest\system\CodeIgniter.php(320): CodeIgniter\CodeIgniter->handleRequest(NULL, Object(Config\Cache), false)
#5 D:\registrosRest\public\index.php(37): CodeIgniter\CodeIgniter->run()
#6 D:\registrosRest\system\Commands\Server\rewrite.php(43): require_once('D:\\registrosRes...')
#7 {main}
CRITICAL - 2022-02-25 17:46:04 --> CodeIgniter\Validation\Validation::run(): Argument #1 ($data) must be of type ?array, stdClass given, called in D:\registrosRest\app\Controllers\API\RolesController.php on line 31
#0 D:\registrosRest\app\Controllers\API\RolesController.php(31): CodeIgniter\Validation\Validation->run(Object(stdClass), 'roles')
#1 D:\registrosRest\system\CodeIgniter.php(825): App\Controllers\API\RolesController->create()
#2 D:\registrosRest\system\CodeIgniter.php(412): CodeIgniter\CodeIgniter->runController(Object(App\Controllers\API\RolesController))
#3 D:\registrosRest\system\CodeIgniter.php(320): CodeIgniter\CodeIgniter->handleRequest(NULL, Object(Config\Cache), false)
#4 D:\registrosRest\public\index.php(37): CodeIgniter\CodeIgniter->run()
#5 D:\registrosRest\system\Commands\Server\rewrite.php(43): require_once('D:\\registrosRes...')
#6 {main}
CRITICAL - 2022-02-25 17:46:25 --> CodeIgniter\Validation\Validation::run(): Argument #1 ($data) must be of type ?array, stdClass given, called in D:\registrosRest\app\Controllers\API\RolesController.php on line 31
#0 D:\registrosRest\app\Controllers\API\RolesController.php(31): CodeIgniter\Validation\Validation->run(Object(stdClass), 'roles')
#1 D:\registrosRest\system\CodeIgniter.php(825): App\Controllers\API\RolesController->create()
#2 D:\registrosRest\system\CodeIgniter.php(412): CodeIgniter\CodeIgniter->runController(Object(App\Controllers\API\RolesController))
#3 D:\registrosRest\system\CodeIgniter.php(320): CodeIgniter\CodeIgniter->handleRequest(NULL, Object(Config\Cache), false)
#4 D:\registrosRest\public\index.php(37): CodeIgniter\CodeIgniter->run()
#5 D:\registrosRest\system\Commands\Server\rewrite.php(43): require_once('D:\\registrosRes...')
#6 {main}
CRITICAL - 2022-02-25 17:46:39 --> CodeIgniter\Validation\Validation::run(): Argument #1 ($data) must be of type ?array, stdClass given, called in D:\registrosRest\app\Controllers\API\RolesController.php on line 31
#0 D:\registrosRest\app\Controllers\API\RolesController.php(31): CodeIgniter\Validation\Validation->run(Object(stdClass), 'roles')
#1 D:\registrosRest\system\CodeIgniter.php(825): App\Controllers\API\RolesController->create()
#2 D:\registrosRest\system\CodeIgniter.php(412): CodeIgniter\CodeIgniter->runController(Object(App\Controllers\API\RolesController))
#3 D:\registrosRest\system\CodeIgniter.php(320): CodeIgniter\CodeIgniter->handleRequest(NULL, Object(Config\Cache), false)
#4 D:\registrosRest\public\index.php(37): CodeIgniter\CodeIgniter->run()
#5 D:\registrosRest\system\Commands\Server\rewrite.php(43): require_once('D:\\registrosRes...')
#6 {main}
CRITICAL - 2022-02-25 17:48:49 --> CodeIgniter\Validation\Validation::run(): Argument #1 ($data) must be of type ?array, stdClass given, called in D:\registrosRest\app\Controllers\API\RolesController.php on line 31
#0 D:\registrosRest\app\Controllers\API\RolesController.php(31): CodeIgniter\Validation\Validation->run(Object(stdClass), 'roles')
#1 D:\registrosRest\system\CodeIgniter.php(825): App\Controllers\API\RolesController->create()
#2 D:\registrosRest\system\CodeIgniter.php(412): CodeIgniter\CodeIgniter->runController(Object(App\Controllers\API\RolesController))
#3 D:\registrosRest\system\CodeIgniter.php(320): CodeIgniter\CodeIgniter->handleRequest(NULL, Object(Config\Cache), false)
#4 D:\registrosRest\public\index.php(37): CodeIgniter\CodeIgniter->run()
#5 D:\registrosRest\system\Commands\Server\rewrite.php(43): require_once('D:\\registrosRes...')
#6 {main}
CRITICAL - 2022-02-25 17:53:10 --> CodeIgniter\Validation\Validation::setRules(): Argument #1 ($rules) must be of type array, null given, called in D:\registrosRest\app\Controllers\API\RolesController.php on line 28
#0 D:\registrosRest\app\Controllers\API\RolesController.php(28): CodeIgniter\Validation\Validation->setRules(NULL)
#1 D:\registrosRest\system\CodeIgniter.php(825): App\Controllers\API\RolesController->create()
#2 D:\registrosRest\system\CodeIgniter.php(412): CodeIgniter\CodeIgniter->runController(Object(App\Controllers\API\RolesController))
#3 D:\registrosRest\system\CodeIgniter.php(320): CodeIgniter\CodeIgniter->handleRequest(NULL, Object(Config\Cache), false)
#4 D:\registrosRest\public\index.php(37): CodeIgniter\CodeIgniter->run()
#5 D:\registrosRest\system\Commands\Server\rewrite.php(43): require_once('D:\\registrosRes...')
#6 {main}
CRITICAL - 2022-02-25 17:53:15 --> CodeIgniter\Validation\Validation::setRules(): Argument #1 ($rules) must be of type array, null given, called in D:\registrosRest\app\Controllers\API\RolesController.php on line 28
#0 D:\registrosRest\app\Controllers\API\RolesController.php(28): CodeIgniter\Validation\Validation->setRules(NULL)
#1 D:\registrosRest\system\CodeIgniter.php(825): App\Controllers\API\RolesController->create()
#2 D:\registrosRest\system\CodeIgniter.php(412): CodeIgniter\CodeIgniter->runController(Object(App\Controllers\API\RolesController))
#3 D:\registrosRest\system\CodeIgniter.php(320): CodeIgniter\CodeIgniter->handleRequest(NULL, Object(Config\Cache), false)
#4 D:\registrosRest\public\index.php(37): CodeIgniter\CodeIgniter->run()
#5 D:\registrosRest\system\Commands\Server\rewrite.php(43): require_once('D:\\registrosRes...')
#6 {main}
CRITICAL - 2022-02-25 17:54:03 --> Call to undefined method CodeIgniter\Validation\Validation::with()
#0 D:\registrosRest\system\CodeIgniter.php(825): App\Controllers\API\RolesController->create()
#1 D:\registrosRest\system\CodeIgniter.php(412): CodeIgniter\CodeIgniter->runController(Object(App\Controllers\API\RolesController))
#2 D:\registrosRest\system\CodeIgniter.php(320): CodeIgniter\CodeIgniter->handleRequest(NULL, Object(Config\Cache), false)
#3 D:\registrosRest\public\index.php(37): CodeIgniter\CodeIgniter->run()
#4 D:\registrosRest\system\Commands\Server\rewrite.php(43): require_once('D:\\registrosRes...')
#5 {main}
CRITICAL - 2022-02-25 17:54:34 --> CodeIgniter\Validation\Validation::setRules(): Argument #1 ($rules) must be of type array, null given, called in D:\registrosRest\app\Controllers\API\RolesController.php on line 28
#0 D:\registrosRest\app\Controllers\API\RolesController.php(28): CodeIgniter\Validation\Validation->setRules(NULL)
#1 D:\registrosRest\system\CodeIgniter.php(825): App\Controllers\API\RolesController->create()
#2 D:\registrosRest\system\CodeIgniter.php(412): CodeIgniter\CodeIgniter->runController(Object(App\Controllers\API\RolesController))
#3 D:\registrosRest\system\CodeIgniter.php(320): CodeIgniter\CodeIgniter->handleRequest(NULL, Object(Config\Cache), false)
#4 D:\registrosRest\public\index.php(37): CodeIgniter\CodeIgniter->run()
#5 D:\registrosRest\system\Commands\Server\rewrite.php(43): require_once('D:\\registrosRes...')
#6 {main}
CRITICAL - 2022-02-25 17:54:35 --> CodeIgniter\Validation\Validation::setRules(): Argument #1 ($rules) must be of type array, null given, called in D:\registrosRest\app\Controllers\API\RolesController.php on line 28
#0 D:\registrosRest\app\Controllers\API\RolesController.php(28): CodeIgniter\Validation\Validation->setRules(NULL)
#1 D:\registrosRest\system\CodeIgniter.php(825): App\Controllers\API\RolesController->create()
#2 D:\registrosRest\system\CodeIgniter.php(412): CodeIgniter\CodeIgniter->runController(Object(App\Controllers\API\RolesController))
#3 D:\registrosRest\system\CodeIgniter.php(320): CodeIgniter\CodeIgniter->handleRequest(NULL, Object(Config\Cache), false)
#4 D:\registrosRest\public\index.php(37): CodeIgniter\CodeIgniter->run()
#5 D:\registrosRest\system\Commands\Server\rewrite.php(43): require_once('D:\\registrosRes...')
#6 {main}
CRITICAL - 2022-02-25 17:54:36 --> CodeIgniter\Validation\Validation::setRules(): Argument #1 ($rules) must be of type array, null given, called in D:\registrosRest\app\Controllers\API\RolesController.php on line 28
#0 D:\registrosRest\app\Controllers\API\RolesController.php(28): CodeIgniter\Validation\Validation->setRules(NULL)
#1 D:\registrosRest\system\CodeIgniter.php(825): App\Controllers\API\RolesController->create()
#2 D:\registrosRest\system\CodeIgniter.php(412): CodeIgniter\CodeIgniter->runController(Object(App\Controllers\API\RolesController))
#3 D:\registrosRest\system\CodeIgniter.php(320): CodeIgniter\CodeIgniter->handleRequest(NULL, Object(Config\Cache), false)
#4 D:\registrosRest\public\index.php(37): CodeIgniter\CodeIgniter->run()
#5 D:\registrosRest\system\Commands\Server\rewrite.php(43): require_once('D:\\registrosRes...')
#6 {main}
CRITICAL - 2022-02-25 17:54:51 --> CodeIgniter\Validation\Validation::setRules(): Argument #1 ($rules) must be of type array, null given, called in D:\registrosRest\app\Controllers\API\RolesController.php on line 28
#0 D:\registrosRest\app\Controllers\API\RolesController.php(28): CodeIgniter\Validation\Validation->setRules(NULL)
#1 D:\registrosRest\system\CodeIgniter.php(825): App\Controllers\API\RolesController->create()
#2 D:\registrosRest\system\CodeIgniter.php(412): CodeIgniter\CodeIgniter->runController(Object(App\Controllers\API\RolesController))
#3 D:\registrosRest\system\CodeIgniter.php(320): CodeIgniter\CodeIgniter->handleRequest(NULL, Object(Config\Cache), false)
#4 D:\registrosRest\public\index.php(37): CodeIgniter\CodeIgniter->run()
#5 D:\registrosRest\system\Commands\Server\rewrite.php(43): require_once('D:\\registrosRes...')
#6 {main}
CRITICAL - 2022-02-25 17:55:20 --> Call to undefined method CodeIgniter\Validation\Validation::with()
#0 D:\registrosRest\system\CodeIgniter.php(825): App\Controllers\API\RolesController->create()
#1 D:\registrosRest\system\CodeIgniter.php(412): CodeIgniter\CodeIgniter->runController(Object(App\Controllers\API\RolesController))
#2 D:\registrosRest\system\CodeIgniter.php(320): CodeIgniter\CodeIgniter->handleRequest(NULL, Object(Config\Cache), false)
#3 D:\registrosRest\public\index.php(37): CodeIgniter\CodeIgniter->run()
#4 D:\registrosRest\system\Commands\Server\rewrite.php(43): require_once('D:\\registrosRes...')
#5 {main}
CRITICAL - 2022-02-25 17:57:51 --> CodeIgniter\Validation\Validation::setRules(): Argument #1 ($rules) must be of type array, null given, called in D:\registrosRest\app\Controllers\API\RolesController.php on line 29
#0 D:\registrosRest\app\Controllers\API\RolesController.php(29): CodeIgniter\Validation\Validation->setRules(NULL)
#1 D:\registrosRest\system\CodeIgniter.php(825): App\Controllers\API\RolesController->create()
#2 D:\registrosRest\system\CodeIgniter.php(412): CodeIgniter\CodeIgniter->runController(Object(App\Controllers\API\RolesController))
#3 D:\registrosRest\system\CodeIgniter.php(320): CodeIgniter\CodeIgniter->handleRequest(NULL, Object(Config\Cache), false)
#4 D:\registrosRest\public\index.php(37): CodeIgniter\CodeIgniter->run()
#5 D:\registrosRest\system\Commands\Server\rewrite.php(43): require_once('D:\\registrosRes...')
#6 {main}
CRITICAL - 2022-02-25 17:59:59 --> CodeIgniter\Model::insert(): Argument #2 ($returnID) must be of type bool, CodeIgniter\HTTP\Response given, called in D:\registrosRest\app\Controllers\API\RolesController.php on line 29
#0 D:\registrosRest\app\Controllers\API\RolesController.php(29): CodeIgniter\Model->insert(Object(stdClass), Object(CodeIgniter\HTTP\Response), Object(CodeIgniter\Validation\Validation))
#1 D:\registrosRest\system\CodeIgniter.php(825): App\Controllers\API\RolesController->create()
#2 D:\registrosRest\system\CodeIgniter.php(412): CodeIgniter\CodeIgniter->runController(Object(App\Controllers\API\RolesController))
#3 D:\registrosRest\system\CodeIgniter.php(320): CodeIgniter\CodeIgniter->handleRequest(NULL, Object(Config\Cache), false)
#4 D:\registrosRest\public\index.php(37): CodeIgniter\CodeIgniter->run()
#5 D:\registrosRest\system\Commands\Server\rewrite.php(43): require_once('D:\\registrosRes...')
#6 {main}
CRITICAL - 2022-02-25 18:00:04 --> CodeIgniter\Model::insert(): Argument #2 ($returnID) must be of type bool, CodeIgniter\HTTP\Response given, called in D:\registrosRest\app\Controllers\API\RolesController.php on line 29
#0 D:\registrosRest\app\Controllers\API\RolesController.php(29): CodeIgniter\Model->insert(Object(stdClass), Object(CodeIgniter\HTTP\Response), Object(CodeIgniter\Validation\Validation))
#1 D:\registrosRest\system\CodeIgniter.php(825): App\Controllers\API\RolesController->create()
#2 D:\registrosRest\system\CodeIgniter.php(412): CodeIgniter\CodeIgniter->runController(Object(App\Controllers\API\RolesController))
#3 D:\registrosRest\system\CodeIgniter.php(320): CodeIgniter\CodeIgniter->handleRequest(NULL, Object(Config\Cache), false)
#4 D:\registrosRest\public\index.php(37): CodeIgniter\CodeIgniter->run()
#5 D:\registrosRest\system\Commands\Server\rewrite.php(43): require_once('D:\\registrosRes...')
#6 {main}
CRITICAL - 2022-02-25 18:02:10 --> CodeIgniter\Model::insert(): Argument #2 ($returnID) must be of type bool, CodeIgniter\HTTP\Response given, called in D:\registrosRest\app\Controllers\API\RolesController.php on line 29
#0 D:\registrosRest\app\Controllers\API\RolesController.php(29): CodeIgniter\Model->insert(Object(stdClass), Object(CodeIgniter\HTTP\Response), Object(CodeIgniter\Validation\Validation))
#1 D:\registrosRest\system\CodeIgniter.php(825): App\Controllers\API\RolesController->create()
#2 D:\registrosRest\system\CodeIgniter.php(412): CodeIgniter\CodeIgniter->runController(Object(App\Controllers\API\RolesController))
#3 D:\registrosRest\system\CodeIgniter.php(320): CodeIgniter\CodeIgniter->handleRequest(NULL, Object(Config\Cache), false)
#4 D:\registrosRest\public\index.php(37): CodeIgniter\CodeIgniter->run()
#5 D:\registrosRest\system\Commands\Server\rewrite.php(43): require_once('D:\\registrosRes...')
#6 {main}
CRITICAL - 2022-02-25 18:02:16 --> CodeIgniter\Model::insert(): Argument #2 ($returnID) must be of type bool, CodeIgniter\HTTP\Response given, called in D:\registrosRest\app\Controllers\API\RolesController.php on line 29
#0 D:\registrosRest\app\Controllers\API\RolesController.php(29): CodeIgniter\Model->insert(Object(stdClass), Object(CodeIgniter\HTTP\Response), Object(CodeIgniter\Validation\Validation))
#1 D:\registrosRest\system\CodeIgniter.php(825): App\Controllers\API\RolesController->create()
#2 D:\registrosRest\system\CodeIgniter.php(412): CodeIgniter\CodeIgniter->runController(Object(App\Controllers\API\RolesController))
#3 D:\registrosRest\system\CodeIgniter.php(320): CodeIgniter\CodeIgniter->handleRequest(NULL, Object(Config\Cache), false)
#4 D:\registrosRest\public\index.php(37): CodeIgniter\CodeIgniter->run()
#5 D:\registrosRest\system\Commands\Server\rewrite.php(43): require_once('D:\\registrosRes...')
#6 {main}
CRITICAL - 2022-02-25 18:10:38 --> CodeIgniter\Validation\Validation::run(): Argument #1 ($data) must be of type ?array, stdClass given, called in D:\registrosRest\app\Controllers\API\RolesController.php on line 28
#0 D:\registrosRest\app\Controllers\API\RolesController.php(28): CodeIgniter\Validation\Validation->run(Object(stdClass), 'rol')
#1 D:\registrosRest\system\CodeIgniter.php(825): App\Controllers\API\RolesController->create()
#2 D:\registrosRest\system\CodeIgniter.php(412): CodeIgniter\CodeIgniter->runController(Object(App\Controllers\API\RolesController))
#3 D:\registrosRest\system\CodeIgniter.php(320): CodeIgniter\CodeIgniter->handleRequest(NULL, Object(Config\Cache), false)
#4 D:\registrosRest\public\index.php(37): CodeIgniter\CodeIgniter->run()
#5 D:\registrosRest\system\Commands\Server\rewrite.php(43): require_once('D:\\registrosRes...')
#6 {main}
CRITICAL - 2022-02-25 18:11:43 --> CodeIgniter\Validation\Validation::run(): Argument #1 ($data) must be of type ?array, stdClass given, called in D:\registrosRest\app\Controllers\API\RolesController.php on line 28
#0 D:\registrosRest\app\Controllers\API\RolesController.php(28): CodeIgniter\Validation\Validation->run(Object(stdClass), 'validation_rol')
#1 D:\registrosRest\system\CodeIgniter.php(825): App\Controllers\API\RolesController->create()
#2 D:\registrosRest\system\CodeIgniter.php(412): CodeIgniter\CodeIgniter->runController(Object(App\Controllers\API\RolesController))
#3 D:\registrosRest\system\CodeIgniter.php(320): CodeIgniter\CodeIgniter->handleRequest(NULL, Object(Config\Cache), false)
#4 D:\registrosRest\public\index.php(37): CodeIgniter\CodeIgniter->run()
#5 D:\registrosRest\system\Commands\Server\rewrite.php(43): require_once('D:\\registrosRes...')
#6 {main}
CRITICAL - 2022-02-25 18:12:50 --> CodeIgniter\Validation\Validation::run(): Argument #1 ($data) must be of type ?array, stdClass given, called in D:\registrosRest\app\Controllers\API\RolesController.php on line 28
#0 D:\registrosRest\app\Controllers\API\RolesController.php(28): CodeIgniter\Validation\Validation->run(Object(stdClass), 'rol')
#1 D:\registrosRest\system\CodeIgniter.php(825): App\Controllers\API\RolesController->create()
#2 D:\registrosRest\system\CodeIgniter.php(412): CodeIgniter\CodeIgniter->runController(Object(App\Controllers\API\RolesController))
#3 D:\registrosRest\system\CodeIgniter.php(320): CodeIgniter\CodeIgniter->handleRequest(NULL, Object(Config\Cache), false)
#4 D:\registrosRest\public\index.php(37): CodeIgniter\CodeIgniter->run()
#5 D:\registrosRest\system\Commands\Server\rewrite.php(43): require_once('D:\\registrosRes...')
#6 {main}
CRITICAL - 2022-02-25 18:12:54 --> CodeIgniter\Validation\Validation::run(): Argument #1 ($data) must be of type ?array, stdClass given, called in D:\registrosRest\app\Controllers\API\RolesController.php on line 28
#0 D:\registrosRest\app\Controllers\API\RolesController.php(28): CodeIgniter\Validation\Validation->run(Object(stdClass), 'rol')
#1 D:\registrosRest\system\CodeIgniter.php(825): App\Controllers\API\RolesController->create()
#2 D:\registrosRest\system\CodeIgniter.php(412): CodeIgniter\CodeIgniter->runController(Object(App\Controllers\API\RolesController))
#3 D:\registrosRest\system\CodeIgniter.php(320): CodeIgniter\CodeIgniter->handleRequest(NULL, Object(Config\Cache), false)
#4 D:\registrosRest\public\index.php(37): CodeIgniter\CodeIgniter->run()
#5 D:\registrosRest\system\Commands\Server\rewrite.php(43): require_once('D:\\registrosRes...')
#6 {main}
CRITICAL - 2022-02-25 18:13:24 --> CodeIgniter\Validation\Validation::run(): Argument #1 ($data) must be of type ?array, stdClass given, called in D:\registrosRest\app\Controllers\API\RolesController.php on line 28
#0 D:\registrosRest\app\Controllers\API\RolesController.php(28): CodeIgniter\Validation\Validation->run(Object(stdClass), 'rol')
#1 D:\registrosRest\system\CodeIgniter.php(825): App\Controllers\API\RolesController->create()
#2 D:\registrosRest\system\CodeIgniter.php(412): CodeIgniter\CodeIgniter->runController(Object(App\Controllers\API\RolesController))
#3 D:\registrosRest\system\CodeIgniter.php(320): CodeIgniter\CodeIgniter->handleRequest(NULL, Object(Config\Cache), false)
#4 D:\registrosRest\public\index.php(37): CodeIgniter\CodeIgniter->run()
#5 D:\registrosRest\system\Commands\Server\rewrite.php(43): require_once('D:\\registrosRes...')
#6 {main}
CRITICAL - 2022-02-25 18:13:43 --> CodeIgniter\Validation\Validation::run(): Argument #1 ($data) must be of type ?array, stdClass given, called in D:\registrosRest\app\Controllers\API\RolesController.php on line 28
#0 D:\registrosRest\app\Controllers\API\RolesController.php(28): CodeIgniter\Validation\Validation->run(Object(stdClass), 'rol')
#1 D:\registrosRest\system\CodeIgniter.php(825): App\Controllers\API\RolesController->create()
#2 D:\registrosRest\system\CodeIgniter.php(412): CodeIgniter\CodeIgniter->runController(Object(App\Controllers\API\RolesController))
#3 D:\registrosRest\system\CodeIgniter.php(320): CodeIgniter\CodeIgniter->handleRequest(NULL, Object(Config\Cache), false)
#4 D:\registrosRest\public\index.php(37): CodeIgniter\CodeIgniter->run()
#5 D:\registrosRest\system\Commands\Server\rewrite.php(43): require_once('D:\\registrosRes...')
#6 {main}
CRITICAL - 2022-02-25 18:14:18 --> CodeIgniter\Validation\Validation::run(): Argument #1 ($data) must be of type ?array, stdClass given, called in D:\registrosRest\app\Controllers\API\RolesController.php on line 28
#0 D:\registrosRest\app\Controllers\API\RolesController.php(28): CodeIgniter\Validation\Validation->run(Object(stdClass), 'rol')
#1 D:\registrosRest\system\CodeIgniter.php(825): App\Controllers\API\RolesController->create()
#2 D:\registrosRest\system\CodeIgniter.php(412): CodeIgniter\CodeIgniter->runController(Object(App\Controllers\API\RolesController))
#3 D:\registrosRest\system\CodeIgniter.php(320): CodeIgniter\CodeIgniter->handleRequest(NULL, Object(Config\Cache), false)
#4 D:\registrosRest\public\index.php(37): CodeIgniter\CodeIgniter->run()
#5 D:\registrosRest\system\Commands\Server\rewrite.php(43): require_once('D:\\registrosRes...')
#6 {main}
CRITICAL - 2022-02-25 18:15:33 --> CodeIgniter\Validation\Validation::run(): Argument #1 ($data) must be of type ?array, stdClass given, called in D:\registrosRest\app\Controllers\API\RolesController.php on line 28
#0 D:\registrosRest\app\Controllers\API\RolesController.php(28): CodeIgniter\Validation\Validation->run(Object(stdClass), 'rol')
#1 D:\registrosRest\system\CodeIgniter.php(825): App\Controllers\API\RolesController->create()
#2 D:\registrosRest\system\CodeIgniter.php(412): CodeIgniter\CodeIgniter->runController(Object(App\Controllers\API\RolesController))
#3 D:\registrosRest\system\CodeIgniter.php(320): CodeIgniter\CodeIgniter->handleRequest(NULL, Object(Config\Cache), false)
#4 D:\registrosRest\public\index.php(37): CodeIgniter\CodeIgniter->run()
#5 D:\registrosRest\system\Commands\Server\rewrite.php(43): require_once('D:\\registrosRes...')
#6 {main}
CRITICAL - 2022-02-25 18:16:24 --> CodeIgniter\Validation\Validation::run(): Argument #1 ($data) must be of type ?array, stdClass given, called in D:\registrosRest\app\Controllers\API\RolesController.php on line 28
#0 D:\registrosRest\app\Controllers\API\RolesController.php(28): CodeIgniter\Validation\Validation->run(Object(stdClass), 'rol')
#1 D:\registrosRest\system\CodeIgniter.php(825): App\Controllers\API\RolesController->create()
#2 D:\registrosRest\system\CodeIgniter.php(412): CodeIgniter\CodeIgniter->runController(Object(App\Controllers\API\RolesController))
#3 D:\registrosRest\system\CodeIgniter.php(320): CodeIgniter\CodeIgniter->handleRequest(NULL, Object(Config\Cache), false)
#4 D:\registrosRest\public\index.php(37): CodeIgniter\CodeIgniter->run()
#5 D:\registrosRest\system\Commands\Server\rewrite.php(43): require_once('D:\\registrosRes...')
#6 {main}
CRITICAL - 2022-02-25 18:16:28 --> CodeIgniter\Validation\Validation::run(): Argument #1 ($data) must be of type ?array, stdClass given, called in D:\registrosRest\app\Controllers\API\RolesController.php on line 28
#0 D:\registrosRest\app\Controllers\API\RolesController.php(28): CodeIgniter\Validation\Validation->run(Object(stdClass), 'rol')
#1 D:\registrosRest\system\CodeIgniter.php(825): App\Controllers\API\RolesController->create()
#2 D:\registrosRest\system\CodeIgniter.php(412): CodeIgniter\CodeIgniter->runController(Object(App\Controllers\API\RolesController))
#3 D:\registrosRest\system\CodeIgniter.php(320): CodeIgniter\CodeIgniter->handleRequest(NULL, Object(Config\Cache), false)
#4 D:\registrosRest\public\index.php(37): CodeIgniter\CodeIgniter->run()
#5 D:\registrosRest\system\Commands\Server\rewrite.php(43): require_once('D:\\registrosRes...')
#6 {main}
CRITICAL - 2022-02-25 18:17:49 --> CodeIgniter\Validation\Validation::run(): Argument #1 ($data) must be of type ?array, stdClass given, called in D:\registrosRest\app\Controllers\API\RolesController.php on line 28
#0 D:\registrosRest\app\Controllers\API\RolesController.php(28): CodeIgniter\Validation\Validation->run(Object(stdClass), 'rol')
#1 D:\registrosRest\system\CodeIgniter.php(825): App\Controllers\API\RolesController->create()
#2 D:\registrosRest\system\CodeIgniter.php(412): CodeIgniter\CodeIgniter->runController(Object(App\Controllers\API\RolesController))
#3 D:\registrosRest\system\CodeIgniter.php(320): CodeIgniter\CodeIgniter->handleRequest(NULL, Object(Config\Cache), false)
#4 D:\registrosRest\public\index.php(37): CodeIgniter\CodeIgniter->run()
#5 D:\registrosRest\system\Commands\Server\rewrite.php(43): require_once('D:\\registrosRes...')
#6 {main}
CRITICAL - 2022-02-25 19:03:50 --> CodeIgniter\Validation\Validation::run(): Argument #1 ($data) must be of type ?array, stdClass given, called in D:\registrosRest\app\Controllers\API\RolesController.php on line 27
#0 D:\registrosRest\app\Controllers\API\RolesController.php(27): CodeIgniter\Validation\Validation->run(Object(stdClass), 'rol')
#1 D:\registrosRest\system\CodeIgniter.php(825): App\Controllers\API\RolesController->create()
#2 D:\registrosRest\system\CodeIgniter.php(412): CodeIgniter\CodeIgniter->runController(Object(App\Controllers\API\RolesController))
#3 D:\registrosRest\system\CodeIgniter.php(320): CodeIgniter\CodeIgniter->handleRequest(NULL, Object(Config\Cache), false)
#4 D:\registrosRest\public\index.php(37): CodeIgniter\CodeIgniter->run()
#5 D:\registrosRest\system\Commands\Server\rewrite.php(43): require_once('D:\\registrosRes...')
#6 {main}
CRITICAL - 2022-02-25 19:05:32 --> Object of class CodeIgniter\Validation\Validation could not be converted to string
#0 D:\registrosRest\system\CodeIgniter.php(825): App\Controllers\API\RolesController->create()
#1 D:\registrosRest\system\CodeIgniter.php(412): CodeIgniter\CodeIgniter->runController(Object(App\Controllers\API\RolesController))
#2 D:\registrosRest\system\CodeIgniter.php(320): CodeIgniter\CodeIgniter->handleRequest(NULL, Object(Config\Cache), false)
#3 D:\registrosRest\public\index.php(37): CodeIgniter\CodeIgniter->run()
#4 D:\registrosRest\system\Commands\Server\rewrite.php(43): require_once('D:\\registrosRes...')
#5 {main}
CRITICAL - 2022-02-25 19:06:05 --> Object of class CodeIgniter\Validation\Validation could not be converted to string
#0 D:\registrosRest\system\CodeIgniter.php(825): App\Controllers\API\RolesController->create()
#1 D:\registrosRest\system\CodeIgniter.php(412): CodeIgniter\CodeIgniter->runController(Object(App\Controllers\API\RolesController))
#2 D:\registrosRest\system\CodeIgniter.php(320): CodeIgniter\CodeIgniter->handleRequest(NULL, Object(Config\Cache), false)
#3 D:\registrosRest\public\index.php(37): CodeIgniter\CodeIgniter->run()
#4 D:\registrosRest\system\Commands\Server\rewrite.php(43): require_once('D:\\registrosRes...')
#5 {main}
CRITICAL - 2022-02-25 19:06:11 --> Object of class CodeIgniter\Validation\Validation could not be converted to string
#0 D:\registrosRest\system\CodeIgniter.php(825): App\Controllers\API\RolesController->create()
#1 D:\registrosRest\system\CodeIgniter.php(412): CodeIgniter\CodeIgniter->runController(Object(App\Controllers\API\RolesController))
#2 D:\registrosRest\system\CodeIgniter.php(320): CodeIgniter\CodeIgniter->handleRequest(NULL, Object(Config\Cache), false)
#3 D:\registrosRest\public\index.php(37): CodeIgniter\CodeIgniter->run()
#4 D:\registrosRest\system\Commands\Server\rewrite.php(43): require_once('D:\\registrosRes...')
#5 {main}
ERROR - 2022-02-25 19:10:27 --> Unknown column 'created_at' in 'field list'
ERROR - 2022-02-25 19:24:21 --> Unknown column 'created_at' in 'field list'
CRITICAL - 2022-02-25 19:29:34 --> There is no data to insert.
#0 D:\registrosRest\system\BaseModel.php(1574): CodeIgniter\Database\Exceptions\DataException::forEmptyDataset('insert')
#1 D:\registrosRest\system\BaseModel.php(704): CodeIgniter\BaseModel->transformDataToArray(Array, 'insert')
#2 D:\registrosRest\system\Model.php(625): CodeIgniter\BaseModel->insert(Array, true)
#3 D:\registrosRest\app\Controllers\API\RolesController.php(24): CodeIgniter\Model->insert(Array)
#4 D:\registrosRest\system\CodeIgniter.php(825): App\Controllers\API\RolesController->create()
#5 D:\registrosRest\system\CodeIgniter.php(412): CodeIgniter\CodeIgniter->runController(Object(App\Controllers\API\RolesController))
#6 D:\registrosRest\system\CodeIgniter.php(320): CodeIgniter\CodeIgniter->handleRequest(NULL, Object(Config\Cache), false)
#7 D:\registrosRest\public\index.php(37): CodeIgniter\CodeIgniter->run()
#8 D:\registrosRest\system\Commands\Server\rewrite.php(43): require_once('D:\\registrosRes...')
#9 {main}
ERROR - 2022-02-25 19:31:15 --> Unknown column 'created_at' in 'field list'
CRITICAL - 2022-02-25 19:33:39 --> CodeIgniter\Model::insert(): Argument #2 ($returnID) must be of type bool, array given, called in D:\registrosRest\app\Controllers\API\RolesController.php on line 24
#0 D:\registrosRest\app\Controllers\API\RolesController.php(24): CodeIgniter\Model->insert('roles', Array)
#1 D:\registrosRest\system\CodeIgniter.php(825): App\Controllers\API\RolesController->create()
#2 D:\registrosRest\system\CodeIgniter.php(412): CodeIgniter\CodeIgniter->runController(Object(App\Controllers\API\RolesController))
#3 D:\registrosRest\system\CodeIgniter.php(320): CodeIgniter\CodeIgniter->handleRequest(NULL, Object(Config\Cache), false)
#4 D:\registrosRest\public\index.php(37): CodeIgniter\CodeIgniter->run()
#5 D:\registrosRest\system\Commands\Server\rewrite.php(43): require_once('D:\\registrosRes...')
#6 {main}
ERROR - 2022-02-25 19:34:33 --> Unknown column 'created_at' in 'field list'
CRITICAL - 2022-02-25 19:34:48 --> Call to undefined method App\Models\RolModel::create
#0 D:\registrosRest\app\Controllers\API\RolesController.php(24): CodeIgniter\Model->__call('create', Array)
#1 D:\registrosRest\system\CodeIgniter.php(825): App\Controllers\API\RolesController->create()
#2 D:\registrosRest\system\CodeIgniter.php(412): CodeIgniter\CodeIgniter->runController(Object(App\Controllers\API\RolesController))
#3 D:\registrosRest\system\CodeIgniter.php(320): CodeIgniter\CodeIgniter->handleRequest(NULL, Object(Config\Cache), false)
#4 D:\registrosRest\public\index.php(37): CodeIgniter\CodeIgniter->run()
#5 D:\registrosRest\system\Commands\Server\rewrite.php(43): require_once('D:\\registrosRes...')
#6 {main}
CRITICAL - 2022-02-25 19:40:16 --> required
       is not a valid rule.
#0 D:\registrosRest\system\Validation\Validation.php(300): CodeIgniter\Validation\Exceptions\ValidationException::forRuleNotFound('required\n      ')
#1 D:\registrosRest\system\Validation\Validation.php(157): CodeIgniter\Validation\Validation->processRules('tipo_rol', 'tipo_rol', 'DIRECTORES', Array, Array)
#2 D:\registrosRest\system\Controller.php(160): CodeIgniter\Validation\Validation->run()
#3 D:\registrosRest\app\Controllers\API\RolesController.php(23): CodeIgniter\Controller->validate(Array)
#4 D:\registrosRest\system\CodeIgniter.php(825): App\Controllers\API\RolesController->create()
#5 D:\registrosRest\system\CodeIgniter.php(412): CodeIgniter\CodeIgniter->runController(Object(App\Controllers\API\RolesController))
#6 D:\registrosRest\system\CodeIgniter.php(320): CodeIgniter\CodeIgniter->handleRequest(NULL, Object(Config\Cache), false)
#7 D:\registrosRest\public\index.php(37): CodeIgniter\CodeIgniter->run()
#8 D:\registrosRest\system\Commands\Server\rewrite.php(43): require_once('D:\\registrosRes...')
#9 {main}
CRITICAL - 2022-02-25 19:40:22 --> required
       is not a valid rule.
#0 D:\registrosRest\system\Validation\Validation.php(300): CodeIgniter\Validation\Exceptions\ValidationException::forRuleNotFound('required\n      ')
#1 D:\registrosRest\system\Validation\Validation.php(157): CodeIgniter\Validation\Validation->processRules('tipo_rol', 'tipo_rol', 'DIRECTORES', Array, Array)
#2 D:\registrosRest\system\Controller.php(160): CodeIgniter\Validation\Validation->run()
#3 D:\registrosRest\app\Controllers\API\RolesController.php(23): CodeIgniter\Controller->validate(Array)
#4 D:\registrosRest\system\CodeIgniter.php(825): App\Controllers\API\RolesController->create()
#5 D:\registrosRest\system\CodeIgniter.php(412): CodeIgniter\CodeIgniter->runController(Object(App\Controllers\API\RolesController))
#6 D:\registrosRest\system\CodeIgniter.php(320): CodeIgniter\CodeIgniter->handleRequest(NULL, Object(Config\Cache), false)
#7 D:\registrosRest\public\index.php(37): CodeIgniter\CodeIgniter->run()
#8 D:\registrosRest\system\Commands\Server\rewrite.php(43): require_once('D:\\registrosRes...')
#9 {main}
ERROR - 2022-02-25 20:00:25 --> Unknown column 'created_at' in 'field list'
ERROR - 2022-02-25 20:01:30 --> Unknown column 'created_at' in 'field list'
ERROR - 2022-02-25 20:01:52 --> Unknown column 'created_at' in 'field list'
ERROR - 2022-02-25 20:01:54 --> Unknown column 'created_at' in 'field list'
ERROR - 2022-02-25 20:03:26 --> Unknown column 'created_at' in 'field list'
ERROR - 2022-02-25 20:03:49 --> Unknown column 'created_at' in 'field list'
ERROR - 2022-02-25 20:06:02 --> Unknown column 'created_at' in 'field list'
ERROR - 2022-02-25 20:06:26 --> Unknown column 'created_at' in 'field list'
ERROR - 2022-02-25 20:06:39 --> Unknown column 'created_at' in 'field list'
ERROR - 2022-02-25 20:07:06 --> Unknown column 'created_at' in 'field list'
CRITICAL - 2022-02-25 20:08:16 --> CodeIgniter\BaseModel::transformDataToArray(): Return value must be of type array, int returned
#0 D:\registrosRest\system\BaseModel.php(704): CodeIgniter\BaseModel->transformDataToArray(14, 'insert')
#1 D:\registrosRest\system\Model.php(625): CodeIgniter\BaseModel->insert(14, true)
#2 D:\registrosRest\app\Controllers\API\RolesController.php(29): CodeIgniter\Model->insert(14)
#3 D:\registrosRest\system\CodeIgniter.php(825): App\Controllers\API\RolesController->create()
#4 D:\registrosRest\system\CodeIgniter.php(412): CodeIgniter\CodeIgniter->runController(Object(App\Controllers\API\RolesController))
#5 D:\registrosRest\system\CodeIgniter.php(320): CodeIgniter\CodeIgniter->handleRequest(NULL, Object(Config\Cache), false)
#6 D:\registrosRest\public\index.php(37): CodeIgniter\CodeIgniter->run()
#7 D:\registrosRest\system\Commands\Server\rewrite.php(43): require_once('D:\\registrosRes...')
#8 {main}
CRITICAL - 2022-02-25 20:08:39 --> CodeIgniter\BaseModel::transformDataToArray(): Return value must be of type array, int returned
#0 D:\registrosRest\system\BaseModel.php(704): CodeIgniter\BaseModel->transformDataToArray(15, 'insert')
#1 D:\registrosRest\system\Model.php(625): CodeIgniter\BaseModel->insert(15, true)
#2 D:\registrosRest\app\Controllers\API\RolesController.php(29): CodeIgniter\Model->insert(15)
#3 D:\registrosRest\system\CodeIgniter.php(825): App\Controllers\API\RolesController->create()
#4 D:\registrosRest\system\CodeIgniter.php(412): CodeIgniter\CodeIgniter->runController(Object(App\Controllers\API\RolesController))
#5 D:\registrosRest\system\CodeIgniter.php(320): CodeIgniter\CodeIgniter->handleRequest(NULL, Object(Config\Cache), false)
#6 D:\registrosRest\public\index.php(37): CodeIgniter\CodeIgniter->run()
#7 D:\registrosRest\system\Commands\Server\rewrite.php(43): require_once('D:\\registrosRes...')
#8 {main}
CRITICAL - 2022-02-25 20:12:21 --> Undefined property: CodeIgniter\HTTP\IncomingRequest::$model
#0 D:\registrosRest\app\Controllers\API\RolesController.php(23): CodeIgniter\Debug\Exceptions->errorHandler(2, 'Undefined prope...', 'D:\\registrosRes...', 23)
#1 D:\registrosRest\system\CodeIgniter.php(825): App\Controllers\API\RolesController->create()
#2 D:\registrosRest\system\CodeIgniter.php(412): CodeIgniter\CodeIgniter->runController(Object(App\Controllers\API\RolesController))
#3 D:\registrosRest\system\CodeIgniter.php(320): CodeIgniter\CodeIgniter->handleRequest(NULL, Object(Config\Cache), false)
#4 D:\registrosRest\public\index.php(37): CodeIgniter\CodeIgniter->run()
#5 D:\registrosRest\system\Commands\Server\rewrite.php(43): require_once('D:\\registrosRes...')
#6 {main}
CRITICAL - 2022-02-25 20:13:14 --> Undefined property: CodeIgniter\HTTP\IncomingRequest::$model
#0 D:\registrosRest\app\Controllers\API\RolesController.php(23): CodeIgniter\Debug\Exceptions->errorHandler(2, 'Undefined prope...', 'D:\\registrosRes...', 23)
#1 D:\registrosRest\system\CodeIgniter.php(825): App\Controllers\API\RolesController->create()
#2 D:\registrosRest\system\CodeIgniter.php(412): CodeIgniter\CodeIgniter->runController(Object(App\Controllers\API\RolesController))
#3 D:\registrosRest\system\CodeIgniter.php(320): CodeIgniter\CodeIgniter->handleRequest(NULL, Object(Config\Cache), false)
#4 D:\registrosRest\public\index.php(37): CodeIgniter\CodeIgniter->run()
#5 D:\registrosRest\system\Commands\Server\rewrite.php(43): require_once('D:\\registrosRes...')
#6 {main}
CRITICAL - 2022-02-25 20:14:05 --> Undefined property: App\Controllers\API\RolesController::$mode
#0 D:\registrosRest\app\Controllers\API\RolesController.php(23): CodeIgniter\Debug\Exceptions->errorHandler(2, 'Undefined prope...', 'D:\\registrosRes...', 23)
#1 D:\registrosRest\system\CodeIgniter.php(825): App\Controllers\API\RolesController->create()
#2 D:\registrosRest\system\CodeIgniter.php(412): CodeIgniter\CodeIgniter->runController(Object(App\Controllers\API\RolesController))
#3 D:\registrosRest\system\CodeIgniter.php(320): CodeIgniter\CodeIgniter->handleRequest(NULL, Object(Config\Cache), false)
#4 D:\registrosRest\public\index.php(37): CodeIgniter\CodeIgniter->run()
#5 D:\registrosRest\system\Commands\Server\rewrite.php(43): require_once('D:\\registrosRes...')
#6 {main}
CRITICAL - 2022-02-25 20:15:38 --> Undefined property: App\Controllers\API\RolesController::$mode
#0 D:\registrosRest\app\Controllers\API\RolesController.php(23): CodeIgniter\Debug\Exceptions->errorHandler(2, 'Undefined prope...', 'D:\\registrosRes...', 23)
#1 D:\registrosRest\system\CodeIgniter.php(825): App\Controllers\API\RolesController->create()
#2 D:\registrosRest\system\CodeIgniter.php(412): CodeIgniter\CodeIgniter->runController(Object(App\Controllers\API\RolesController))
#3 D:\registrosRest\system\CodeIgniter.php(320): CodeIgniter\CodeIgniter->handleRequest(NULL, Object(Config\Cache), false)
#4 D:\registrosRest\public\index.php(37): CodeIgniter\CodeIgniter->run()
#5 D:\registrosRest\system\Commands\Server\rewrite.php(43): require_once('D:\\registrosRes...')
#6 {main}
CRITICAL - 2022-02-25 21:35:06 --> Object of class App\Controllers\API\RolesController could not be converted to string
#0 D:\registrosRest\system\CodeIgniter.php(825): App\Controllers\API\RolesController->index()
#1 D:\registrosRest\system\CodeIgniter.php(412): CodeIgniter\CodeIgniter->runController(Object(App\Controllers\API\RolesController))
#2 D:\registrosRest\system\CodeIgniter.php(320): CodeIgniter\CodeIgniter->handleRequest(NULL, Object(Config\Cache), false)
#3 D:\registrosRest\public\index.php(37): CodeIgniter\CodeIgniter->run()
#4 D:\registrosRest\system\Commands\Server\rewrite.php(43): require_once('D:\\registrosRes...')
#5 {main}
CRITICAL - 2022-02-25 21:35:21 --> Object of class App\Controllers\API\RolesController could not be converted to string
#0 D:\registrosRest\system\CodeIgniter.php(825): App\Controllers\API\RolesController->index()
#1 D:\registrosRest\system\CodeIgniter.php(412): CodeIgniter\CodeIgniter->runController(Object(App\Controllers\API\RolesController))
#2 D:\registrosRest\system\CodeIgniter.php(320): CodeIgniter\CodeIgniter->handleRequest(NULL, Object(Config\Cache), false)
#3 D:\registrosRest\public\index.php(37): CodeIgniter\CodeIgniter->run()
#4 D:\registrosRest\system\Commands\Server\rewrite.php(43): require_once('D:\\registrosRes...')
#5 {main}
CRITICAL - 2022-02-25 22:08:53 --> strpos(): Argument #1 ($haystack) must be of type string, array given
#0 D:\registrosRest\system\Router\Router.php(421): strpos(Array, '$')
#1 D:\registrosRest\system\Router\Router.php(154): CodeIgniter\Router\Router->checkRoutes('api/alumnos')
#2 D:\registrosRest\system\CodeIgniter.php(719): CodeIgniter\Router\Router->handle('api/alumnos')
#3 D:\registrosRest\system\CodeIgniter.php(361): CodeIgniter\CodeIgniter->tryToRouteIt(Object(CodeIgniter\Router\RouteCollection))
#4 D:\registrosRest\system\CodeIgniter.php(320): CodeIgniter\CodeIgniter->handleRequest(NULL, Object(Config\Cache), false)
#5 D:\registrosRest\public\index.php(37): CodeIgniter\CodeIgniter->run()
#6 D:\registrosRest\system\Commands\Server\rewrite.php(43): require_once('D:\\registrosRes...')
#7 {main}
CRITICAL - 2022-02-25 22:08:54 --> strpos(): Argument #1 ($haystack) must be of type string, array given
#0 D:\registrosRest\system\Router\Router.php(421): strpos(Array, '$')
#1 D:\registrosRest\system\Router\Router.php(154): CodeIgniter\Router\Router->checkRoutes('api/alumnos')
#2 D:\registrosRest\system\CodeIgniter.php(719): CodeIgniter\Router\Router->handle('api/alumnos')
#3 D:\registrosRest\system\CodeIgniter.php(361): CodeIgniter\CodeIgniter->tryToRouteIt(Object(CodeIgniter\Router\RouteCollection))
#4 D:\registrosRest\system\CodeIgniter.php(320): CodeIgniter\CodeIgniter->handleRequest(NULL, Object(Config\Cache), false)
#5 D:\registrosRest\public\index.php(37): CodeIgniter\CodeIgniter->run()
#6 D:\registrosRest\system\Commands\Server\rewrite.php(43): require_once('D:\\registrosRes...')
#7 {main}
CRITICAL - 2022-02-25 22:08:55 --> strpos(): Argument #1 ($haystack) must be of type string, array given
#0 D:\registrosRest\system\Router\Router.php(421): strpos(Array, '$')
#1 D:\registrosRest\system\Router\Router.php(154): CodeIgniter\Router\Router->checkRoutes('api/alumnos')
#2 D:\registrosRest\system\CodeIgniter.php(719): CodeIgniter\Router\Router->handle('api/alumnos')
#3 D:\registrosRest\system\CodeIgniter.php(361): CodeIgniter\CodeIgniter->tryToRouteIt(Object(CodeIgniter\Router\RouteCollection))
#4 D:\registrosRest\system\CodeIgniter.php(320): CodeIgniter\CodeIgniter->handleRequest(NULL, Object(Config\Cache), false)
#5 D:\registrosRest\public\index.php(37): CodeIgniter\CodeIgniter->run()
#6 D:\registrosRest\system\Commands\Server\rewrite.php(43): require_once('D:\\registrosRes...')
#7 {main}
CRITICAL - 2022-02-25 22:08:56 --> strpos(): Argument #1 ($haystack) must be of type string, array given
#0 D:\registrosRest\system\Router\Router.php(421): strpos(Array, '$')
#1 D:\registrosRest\system\Router\Router.php(154): CodeIgniter\Router\Router->checkRoutes('api/alumnos')
#2 D:\registrosRest\system\CodeIgniter.php(719): CodeIgniter\Router\Router->handle('api/alumnos')
#3 D:\registrosRest\system\CodeIgniter.php(361): CodeIgniter\CodeIgniter->tryToRouteIt(Object(CodeIgniter\Router\RouteCollection))
#4 D:\registrosRest\system\CodeIgniter.php(320): CodeIgniter\CodeIgniter->handleRequest(NULL, Object(Config\Cache), false)
#5 D:\registrosRest\public\index.php(37): CodeIgniter\CodeIgniter->run()
#6 D:\registrosRest\system\Commands\Server\rewrite.php(43): require_once('D:\\registrosRes...')
#7 {main}
CRITICAL - 2022-02-25 22:08:57 --> strpos(): Argument #1 ($haystack) must be of type string, array given
#0 D:\registrosRest\system\Router\Router.php(421): strpos(Array, '$')
#1 D:\registrosRest\system\Router\Router.php(154): CodeIgniter\Router\Router->checkRoutes('api/alumnos')
#2 D:\registrosRest\system\CodeIgniter.php(719): CodeIgniter\Router\Router->handle('api/alumnos')
#3 D:\registrosRest\system\CodeIgniter.php(361): CodeIgniter\CodeIgniter->tryToRouteIt(Object(CodeIgniter\Router\RouteCollection))
#4 D:\registrosRest\system\CodeIgniter.php(320): CodeIgniter\CodeIgniter->handleRequest(NULL, Object(Config\Cache), false)
#5 D:\registrosRest\public\index.php(37): CodeIgniter\CodeIgniter->run()
#6 D:\registrosRest\system\Commands\Server\rewrite.php(43): require_once('D:\\registrosRes...')
#7 {main}
CRITICAL - 2022-02-25 22:09:23 --> strpos(): Argument #1 ($haystack) must be of type string, array given
#0 D:\registrosRest\system\Router\Router.php(421): strpos(Array, '$')
#1 D:\registrosRest\system\Router\Router.php(154): CodeIgniter\Router\Router->checkRoutes('api/alumnos')
#2 D:\registrosRest\system\CodeIgniter.php(719): CodeIgniter\Router\Router->handle('api/alumnos')
#3 D:\registrosRest\system\CodeIgniter.php(361): CodeIgniter\CodeIgniter->tryToRouteIt(Object(CodeIgniter\Router\RouteCollection))
#4 D:\registrosRest\system\CodeIgniter.php(320): CodeIgniter\CodeIgniter->handleRequest(NULL, Object(Config\Cache), false)
#5 D:\registrosRest\public\index.php(37): CodeIgniter\CodeIgniter->run()
#6 D:\registrosRest\system\Commands\Server\rewrite.php(43): require_once('D:\\registrosRes...')
#7 {main}
CRITICAL - 2022-02-25 22:09:52 --> strpos(): Argument #1 ($haystack) must be of type string, array given
#0 D:\registrosRest\system\Router\Router.php(421): strpos(Array, '$')
#1 D:\registrosRest\system\Router\Router.php(154): CodeIgniter\Router\Router->checkRoutes('api/alumnos')
#2 D:\registrosRest\system\CodeIgniter.php(719): CodeIgniter\Router\Router->handle('api/alumnos')
#3 D:\registrosRest\system\CodeIgniter.php(361): CodeIgniter\CodeIgniter->tryToRouteIt(Object(CodeIgniter\Router\RouteCollection))
#4 D:\registrosRest\system\CodeIgniter.php(320): CodeIgniter\CodeIgniter->handleRequest(NULL, Object(Config\Cache), false)
#5 D:\registrosRest\public\index.php(37): CodeIgniter\CodeIgniter->run()
#6 D:\registrosRest\system\Commands\Server\rewrite.php(43): require_once('D:\\registrosRes...')
#7 {main}
CRITICAL - 2022-02-25 22:09:53 --> strpos(): Argument #1 ($haystack) must be of type string, array given
#0 D:\registrosRest\system\Router\Router.php(421): strpos(Array, '$')
#1 D:\registrosRest\system\Router\Router.php(154): CodeIgniter\Router\Router->checkRoutes('api/alumnos')
#2 D:\registrosRest\system\CodeIgniter.php(719): CodeIgniter\Router\Router->handle('api/alumnos')
#3 D:\registrosRest\system\CodeIgniter.php(361): CodeIgniter\CodeIgniter->tryToRouteIt(Object(CodeIgniter\Router\RouteCollection))
#4 D:\registrosRest\system\CodeIgniter.php(320): CodeIgniter\CodeIgniter->handleRequest(NULL, Object(Config\Cache), false)
#5 D:\registrosRest\public\index.php(37): CodeIgniter\CodeIgniter->run()
#6 D:\registrosRest\system\Commands\Server\rewrite.php(43): require_once('D:\\registrosRes...')
#7 {main}
CRITICAL - 2022-02-25 22:09:58 --> strpos(): Argument #1 ($haystack) must be of type string, array given
#0 D:\registrosRest\system\Router\Router.php(421): strpos(Array, '$')
#1 D:\registrosRest\system\Router\Router.php(154): CodeIgniter\Router\Router->checkRoutes('api/alumnos')
#2 D:\registrosRest\system\CodeIgniter.php(719): CodeIgniter\Router\Router->handle('api/alumnos')
#3 D:\registrosRest\system\CodeIgniter.php(361): CodeIgniter\CodeIgniter->tryToRouteIt(Object(CodeIgniter\Router\RouteCollection))
#4 D:\registrosRest\system\CodeIgniter.php(320): CodeIgniter\CodeIgniter->handleRequest(NULL, Object(Config\Cache), false)
#5 D:\registrosRest\public\index.php(37): CodeIgniter\CodeIgniter->run()
#6 D:\registrosRest\system\Commands\Server\rewrite.php(43): require_once('D:\\registrosRes...')
#7 {main}
