ERROR - 2022-05-01 15:29:17 --> Table 'registrosrest.alumnos' doesn't exist
CRITICAL - 2022-05-01 15:29:17 --> Call to a member function getResult() on bool
#0 D:\codeigniter4\casa-de-cultura\system\BaseModel.php(584): CodeIgniter\Model->doFindAll(0, 0)
#1 D:\codeigniter4\casa-de-cultura\app\Controllers\API\AlumnosController.php(21): CodeIgniter\BaseModel->findAll()
#2 D:\codeigniter4\casa-de-cultura\system\CodeIgniter.php(825): App\Controllers\API\AlumnosController->index()
#3 D:\codeigniter4\casa-de-cultura\system\CodeIgniter.php(412): CodeIgniter\CodeIgniter->runController(Object(App\Controllers\API\AlumnosController))
#4 D:\codeigniter4\casa-de-cultura\system\CodeIgniter.php(320): CodeIgniter\CodeIgniter->handleRequest(NULL, Object(Config\Cache), false)
#5 D:\codeigniter4\casa-de-cultura\public\index.php(37): CodeIgniter\CodeIgniter->run()
#6 D:\codeigniter4\casa-de-cultura\system\Commands\Server\rewrite.php(43): require_once('D:\\codeigniter4...')
#7 {main}
ERROR - 2022-05-01 15:29:32 --> Table 'registrosrest.alumnos' doesn't exist
CRITICAL - 2022-05-01 15:29:33 --> Call to a member function getResult() on bool
#0 D:\codeigniter4\casa-de-cultura\system\BaseModel.php(584): CodeIgniter\Model->doFindAll(0, 0)
#1 D:\codeigniter4\casa-de-cultura\app\Controllers\API\AlumnosController.php(21): CodeIgniter\BaseModel->findAll()
#2 D:\codeigniter4\casa-de-cultura\system\CodeIgniter.php(825): App\Controllers\API\AlumnosController->index()
#3 D:\codeigniter4\casa-de-cultura\system\CodeIgniter.php(412): CodeIgniter\CodeIgniter->runController(Object(App\Controllers\API\AlumnosController))
#4 D:\codeigniter4\casa-de-cultura\system\CodeIgniter.php(320): CodeIgniter\CodeIgniter->handleRequest(NULL, Object(Config\Cache), false)
#5 D:\codeigniter4\casa-de-cultura\public\index.php(37): CodeIgniter\CodeIgniter->run()
#6 D:\codeigniter4\casa-de-cultura\system\Commands\Server\rewrite.php(43): require_once('D:\\codeigniter4...')
#7 {main}
ERROR - 2022-05-01 15:29:48 --> Table 'registrosrest.alumnos' doesn't exist
CRITICAL - 2022-05-01 15:29:48 --> Call to a member function getResult() on bool
#0 D:\codeigniter4\casa-de-cultura\system\BaseModel.php(584): CodeIgniter\Model->doFindAll(0, 0)
#1 D:\codeigniter4\casa-de-cultura\app\Controllers\API\AlumnosController.php(22): CodeIgniter\BaseModel->findAll()
#2 D:\codeigniter4\casa-de-cultura\system\CodeIgniter.php(825): App\Controllers\API\AlumnosController->index()
#3 D:\codeigniter4\casa-de-cultura\system\CodeIgniter.php(412): CodeIgniter\CodeIgniter->runController(Object(App\Controllers\API\AlumnosController))
#4 D:\codeigniter4\casa-de-cultura\system\CodeIgniter.php(320): CodeIgniter\CodeIgniter->handleRequest(NULL, Object(Config\Cache), false)
#5 D:\codeigniter4\casa-de-cultura\public\index.php(37): CodeIgniter\CodeIgniter->run()
#6 D:\codeigniter4\casa-de-cultura\system\Commands\Server\rewrite.php(43): require_once('D:\\codeigniter4...')
#7 {main}
ERROR - 2022-05-01 15:30:06 --> Table 'registrosrest.alumnos' doesn't exist
CRITICAL - 2022-05-01 15:30:06 --> Call to a member function getResult() on bool
#0 D:\codeigniter4\casa-de-cultura\system\BaseModel.php(584): CodeIgniter\Model->doFindAll(0, 0)
#1 D:\codeigniter4\casa-de-cultura\app\Controllers\API\AlumnosController.php(22): CodeIgniter\BaseModel->findAll()
#2 D:\codeigniter4\casa-de-cultura\system\CodeIgniter.php(825): App\Controllers\API\AlumnosController->index()
#3 D:\codeigniter4\casa-de-cultura\system\CodeIgniter.php(412): CodeIgniter\CodeIgniter->runController(Object(App\Controllers\API\AlumnosController))
#4 D:\codeigniter4\casa-de-cultura\system\CodeIgniter.php(320): CodeIgniter\CodeIgniter->handleRequest(NULL, Object(Config\Cache), false)
#5 D:\codeigniter4\casa-de-cultura\public\index.php(37): CodeIgniter\CodeIgniter->run()
#6 D:\codeigniter4\casa-de-cultura\system\Commands\Server\rewrite.php(43): require_once('D:\\codeigniter4...')
#7 {main}
ERROR - 2022-05-01 15:30:17 --> Table 'registrosrest.alumnos' doesn't exist
CRITICAL - 2022-05-01 15:30:18 --> Call to a member function getResult() on bool
#0 D:\codeigniter4\casa-de-cultura\system\BaseModel.php(584): CodeIgniter\Model->doFindAll(0, 0)
#1 D:\codeigniter4\casa-de-cultura\app\Controllers\API\AlumnosController.php(22): CodeIgniter\BaseModel->findAll()
#2 D:\codeigniter4\casa-de-cultura\system\CodeIgniter.php(825): App\Controllers\API\AlumnosController->index()
#3 D:\codeigniter4\casa-de-cultura\system\CodeIgniter.php(412): CodeIgniter\CodeIgniter->runController(Object(App\Controllers\API\AlumnosController))
#4 D:\codeigniter4\casa-de-cultura\system\CodeIgniter.php(320): CodeIgniter\CodeIgniter->handleRequest(NULL, Object(Config\Cache), false)
#5 D:\codeigniter4\casa-de-cultura\public\index.php(37): CodeIgniter\CodeIgniter->run()
#6 D:\codeigniter4\casa-de-cultura\system\Commands\Server\rewrite.php(43): require_once('D:\\codeigniter4...')
#7 {main}
ERROR - 2022-05-01 15:30:34 --> Table 'registrosrest.alumnos' doesn't exist
CRITICAL - 2022-05-01 15:30:35 --> Call to a member function getResult() on bool
#0 D:\codeigniter4\casa-de-cultura\system\BaseModel.php(584): CodeIgniter\Model->doFindAll(0, 0)
#1 D:\codeigniter4\casa-de-cultura\app\Controllers\API\AlumnosController.php(22): CodeIgniter\BaseModel->findAll()
#2 D:\codeigniter4\casa-de-cultura\system\CodeIgniter.php(825): App\Controllers\API\AlumnosController->index()
#3 D:\codeigniter4\casa-de-cultura\system\CodeIgniter.php(412): CodeIgniter\CodeIgniter->runController(Object(App\Controllers\API\AlumnosController))
#4 D:\codeigniter4\casa-de-cultura\system\CodeIgniter.php(320): CodeIgniter\CodeIgniter->handleRequest(NULL, Object(Config\Cache), false)
#5 D:\codeigniter4\casa-de-cultura\public\index.php(37): CodeIgniter\CodeIgniter->run()
#6 D:\codeigniter4\casa-de-cultura\system\Commands\Server\rewrite.php(43): require_once('D:\\codeigniter4...')
#7 {main}
ERROR - 2022-05-01 15:33:11 --> Table 'registrosrest.roles' doesn't exist
CRITICAL - 2022-05-01 15:33:11 --> Call to a member function getResult() on bool
#0 D:\codeigniter4\casa-de-cultura\system\BaseModel.php(584): CodeIgniter\Model->doFindAll(0, 0)
#1 D:\codeigniter4\casa-de-cultura\app\Controllers\API\RolesController.php(22): CodeIgniter\BaseModel->findAll()
#2 D:\codeigniter4\casa-de-cultura\system\CodeIgniter.php(825): App\Controllers\API\RolesController->index()
#3 D:\codeigniter4\casa-de-cultura\system\CodeIgniter.php(412): CodeIgniter\CodeIgniter->runController(Object(App\Controllers\API\RolesController))
#4 D:\codeigniter4\casa-de-cultura\system\CodeIgniter.php(320): CodeIgniter\CodeIgniter->handleRequest(NULL, Object(Config\Cache), false)
#5 D:\codeigniter4\casa-de-cultura\public\index.php(37): CodeIgniter\CodeIgniter->run()
#6 D:\codeigniter4\casa-de-cultura\system\Commands\Server\rewrite.php(43): require_once('D:\\codeigniter4...')
#7 {main}
ERROR - 2022-05-01 15:34:12 --> Table 'registrosrest.alumnos' doesn't exist
CRITICAL - 2022-05-01 15:34:12 --> Call to a member function getResult() on bool
#0 D:\codeigniter4\casa-de-cultura\system\BaseModel.php(584): CodeIgniter\Model->doFindAll(0, 0)
#1 D:\codeigniter4\casa-de-cultura\app\Controllers\API\AlumnosController.php(22): CodeIgniter\BaseModel->findAll()
#2 D:\codeigniter4\casa-de-cultura\system\CodeIgniter.php(825): App\Controllers\API\AlumnosController->index()
#3 D:\codeigniter4\casa-de-cultura\system\CodeIgniter.php(412): CodeIgniter\CodeIgniter->runController(Object(App\Controllers\API\AlumnosController))
#4 D:\codeigniter4\casa-de-cultura\system\CodeIgniter.php(320): CodeIgniter\CodeIgniter->handleRequest(NULL, Object(Config\Cache), false)
#5 D:\codeigniter4\casa-de-cultura\public\index.php(37): CodeIgniter\CodeIgniter->run()
#6 D:\codeigniter4\casa-de-cultura\system\Commands\Server\rewrite.php(43): require_once('D:\\codeigniter4...')
#7 {main}
ERROR - 2022-05-01 15:34:32 --> Table 'registrosrest.alumnos' doesn't exist
CRITICAL - 2022-05-01 15:34:33 --> Call to a member function getResult() on bool
#0 D:\codeigniter4\casa-de-cultura\system\BaseModel.php(584): CodeIgniter\Model->doFindAll(0, 0)
#1 D:\codeigniter4\casa-de-cultura\app\Controllers\API\AlumnosController.php(22): CodeIgniter\BaseModel->findAll()
#2 D:\codeigniter4\casa-de-cultura\system\CodeIgniter.php(825): App\Controllers\API\AlumnosController->index()
#3 D:\codeigniter4\casa-de-cultura\system\CodeIgniter.php(412): CodeIgniter\CodeIgniter->runController(Object(App\Controllers\API\AlumnosController))
#4 D:\codeigniter4\casa-de-cultura\system\CodeIgniter.php(320): CodeIgniter\CodeIgniter->handleRequest(NULL, Object(Config\Cache), false)
#5 D:\codeigniter4\casa-de-cultura\public\index.php(37): CodeIgniter\CodeIgniter->run()
#6 D:\codeigniter4\casa-de-cultura\system\Commands\Server\rewrite.php(43): require_once('D:\\codeigniter4...')
#7 {main}
CRITICAL - 2022-05-01 15:37:13 --> Object of type APP\Controllers\API\UsuariosController is not callable
#0 D:\codeigniter4\casa-de-cultura\system\CodeIgniter.php(802): APP\Controllers\API\UsuariosController->__construct()
#1 D:\codeigniter4\casa-de-cultura\system\CodeIgniter.php(403): CodeIgniter\CodeIgniter->createController()
#2 D:\codeigniter4\casa-de-cultura\system\CodeIgniter.php(320): CodeIgniter\CodeIgniter->handleRequest(NULL, Object(Config\Cache), false)
#3 D:\codeigniter4\casa-de-cultura\public\index.php(37): CodeIgniter\CodeIgniter->run()
#4 D:\codeigniter4\casa-de-cultura\system\Commands\Server\rewrite.php(43): require_once('D:\\codeigniter4...')
#5 {main}
CRITICAL - 2022-05-01 15:38:15 --> Object of type APP\Controllers\API\UsuariosController is not callable
#0 D:\codeigniter4\casa-de-cultura\system\CodeIgniter.php(802): APP\Controllers\API\UsuariosController->__construct()
#1 D:\codeigniter4\casa-de-cultura\system\CodeIgniter.php(403): CodeIgniter\CodeIgniter->createController()
#2 D:\codeigniter4\casa-de-cultura\system\CodeIgniter.php(320): CodeIgniter\CodeIgniter->handleRequest(NULL, Object(Config\Cache), false)
#3 D:\codeigniter4\casa-de-cultura\public\index.php(37): CodeIgniter\CodeIgniter->run()
#4 D:\codeigniter4\casa-de-cultura\system\Commands\Server\rewrite.php(43): require_once('D:\\codeigniter4...')
#5 {main}
CRITICAL - 2022-05-01 15:38:32 --> Object of type APP\Controllers\API\UsuariosController is not callable
#0 D:\codeigniter4\casa-de-cultura\system\CodeIgniter.php(802): APP\Controllers\API\UsuariosController->__construct()
#1 D:\codeigniter4\casa-de-cultura\system\CodeIgniter.php(403): CodeIgniter\CodeIgniter->createController()
#2 D:\codeigniter4\casa-de-cultura\system\CodeIgniter.php(320): CodeIgniter\CodeIgniter->handleRequest(NULL, Object(Config\Cache), false)
#3 D:\codeigniter4\casa-de-cultura\public\index.php(37): CodeIgniter\CodeIgniter->run()
#4 D:\codeigniter4\casa-de-cultura\system\Commands\Server\rewrite.php(43): require_once('D:\\codeigniter4...')
#5 {main}
CRITICAL - 2022-05-01 15:39:12 --> Object of type APP\Controllers\API\UsuariosController is not callable
#0 D:\codeigniter4\casa-de-cultura\system\CodeIgniter.php(802): APP\Controllers\API\UsuariosController->__construct()
#1 D:\codeigniter4\casa-de-cultura\system\CodeIgniter.php(403): CodeIgniter\CodeIgniter->createController()
#2 D:\codeigniter4\casa-de-cultura\system\CodeIgniter.php(320): CodeIgniter\CodeIgniter->handleRequest(NULL, Object(Config\Cache), false)
#3 D:\codeigniter4\casa-de-cultura\public\index.php(37): CodeIgniter\CodeIgniter->run()
#4 D:\codeigniter4\casa-de-cultura\system\Commands\Server\rewrite.php(43): require_once('D:\\codeigniter4...')
#5 {main}
CRITICAL - 2022-05-01 15:39:49 --> Object of type APP\Controllers\API\UsuariosController is not callable
#0 D:\codeigniter4\casa-de-cultura\system\CodeIgniter.php(802): APP\Controllers\API\UsuariosController->__construct()
#1 D:\codeigniter4\casa-de-cultura\system\CodeIgniter.php(403): CodeIgniter\CodeIgniter->createController()
#2 D:\codeigniter4\casa-de-cultura\system\CodeIgniter.php(320): CodeIgniter\CodeIgniter->handleRequest(NULL, Object(Config\Cache), false)
#3 D:\codeigniter4\casa-de-cultura\public\index.php(37): CodeIgniter\CodeIgniter->run()
#4 D:\codeigniter4\casa-de-cultura\system\Commands\Server\rewrite.php(43): require_once('D:\\codeigniter4...')
#5 {main}
CRITICAL - 2022-05-01 15:40:11 --> Object of type APP\Controllers\API\UsuariosController is not callable
#0 D:\codeigniter4\casa-de-cultura\system\CodeIgniter.php(802): APP\Controllers\API\UsuariosController->__construct()
#1 D:\codeigniter4\casa-de-cultura\system\CodeIgniter.php(403): CodeIgniter\CodeIgniter->createController()
#2 D:\codeigniter4\casa-de-cultura\system\CodeIgniter.php(320): CodeIgniter\CodeIgniter->handleRequest(NULL, Object(Config\Cache), false)
#3 D:\codeigniter4\casa-de-cultura\public\index.php(37): CodeIgniter\CodeIgniter->run()
#4 D:\codeigniter4\casa-de-cultura\system\Commands\Server\rewrite.php(43): require_once('D:\\codeigniter4...')
#5 {main}
CRITICAL - 2022-05-01 16:01:12 --> syntax error, unexpected token "public", expecting end of file
#0 D:\codeigniter4\casa-de-cultura\system\Autoloader\Autoloader.php(241): CodeIgniter\Autoloader\Autoloader->includeFile('D:\\codeigniter4...')
#1 D:\codeigniter4\casa-de-cultura\system\Autoloader\Autoloader.php(219): CodeIgniter\Autoloader\Autoloader->loadInNamespace('App\\Controllers...')
#2 [internal function]: CodeIgniter\Autoloader\Autoloader->loadClass('App\\Controllers...')
#3 D:\codeigniter4\casa-de-cultura\system\CodeIgniter.php(790): class_exists('\\App\\Controller...', true)
#4 D:\codeigniter4\casa-de-cultura\system\CodeIgniter.php(399): CodeIgniter\CodeIgniter->startController()
#5 D:\codeigniter4\casa-de-cultura\system\CodeIgniter.php(320): CodeIgniter\CodeIgniter->handleRequest(NULL, Object(Config\Cache), false)
#6 D:\codeigniter4\casa-de-cultura\public\index.php(37): CodeIgniter\CodeIgniter->run()
#7 D:\codeigniter4\casa-de-cultura\system\Commands\Server\rewrite.php(43): require_once('D:\\codeigniter4...')
#8 {main}
CRITICAL - 2022-05-01 16:24:41 --> Call to undefined method CodeIgniter\Validation\Validation::setLabels()
#0 D:\codeigniter4\casa-de-cultura\system\CodeIgniter.php(825): App\Controllers\API\RolesController->create()
#1 D:\codeigniter4\casa-de-cultura\system\CodeIgniter.php(412): CodeIgniter\CodeIgniter->runController(Object(App\Controllers\API\RolesController))
#2 D:\codeigniter4\casa-de-cultura\system\CodeIgniter.php(320): CodeIgniter\CodeIgniter->handleRequest(NULL, Object(Config\Cache), false)
#3 D:\codeigniter4\casa-de-cultura\public\index.php(37): CodeIgniter\CodeIgniter->run()
#4 D:\codeigniter4\casa-de-cultura\system\Commands\Server\rewrite.php(43): require_once('D:\\codeigniter4...')
#5 {main}
CRITICAL - 2022-05-01 16:27:37 --> Call to undefined method CodeIgniter\Validation\Validation::setLabels()
#0 D:\codeigniter4\casa-de-cultura\system\CodeIgniter.php(825): App\Controllers\API\RolesController->create()
#1 D:\codeigniter4\casa-de-cultura\system\CodeIgniter.php(412): CodeIgniter\CodeIgniter->runController(Object(App\Controllers\API\RolesController))
#2 D:\codeigniter4\casa-de-cultura\system\CodeIgniter.php(320): CodeIgniter\CodeIgniter->handleRequest(NULL, Object(Config\Cache), false)
#3 D:\codeigniter4\casa-de-cultura\public\index.php(37): CodeIgniter\CodeIgniter->run()
#4 D:\codeigniter4\casa-de-cultura\system\Commands\Server\rewrite.php(43): require_once('D:\\codeigniter4...')
#5 {main}
CRITICAL - 2022-05-01 16:32:23 --> The framework needs the following extension(s) installed and loaded: GD.
#0 D:\codeigniter4\casa-de-cultura\system\Images\Handlers\GDHandler.php(34): CodeIgniter\Exceptions\FrameworkException::forMissingExtension('GD')
#1 D:\codeigniter4\casa-de-cultura\system\Config\Services.php(312): CodeIgniter\Images\Handlers\GDHandler->__construct(Object(Config\Images))
#2 D:\codeigniter4\casa-de-cultura\system\Config\BaseService.php(248): CodeIgniter\Config\Services::image('gd', Object(Config\Images), false)
#3 D:\codeigniter4\casa-de-cultura\system\Config\BaseService.php(189): CodeIgniter\Config\BaseService::__callStatic('image', Array)
#4 D:\codeigniter4\casa-de-cultura\system\Config\Services.php(305): CodeIgniter\Config\BaseService::getSharedInstance('image', NULL, NULL)
#5 D:\codeigniter4\casa-de-cultura\system\Config\BaseService.php(248): CodeIgniter\Config\Services::image()
#6 D:\codeigniter4\casa-de-cultura\app\Controllers\API\RolesController.php(17): CodeIgniter\Config\BaseService::__callStatic('image', Array)
#7 D:\codeigniter4\casa-de-cultura\system\CodeIgniter.php(802): App\Controllers\API\RolesController->__construct()
#8 D:\codeigniter4\casa-de-cultura\system\CodeIgniter.php(403): CodeIgniter\CodeIgniter->createController()
#9 D:\codeigniter4\casa-de-cultura\system\CodeIgniter.php(320): CodeIgniter\CodeIgniter->handleRequest(NULL, Object(Config\Cache), false)
#10 D:\codeigniter4\casa-de-cultura\public\index.php(37): CodeIgniter\CodeIgniter->run()
#11 D:\codeigniter4\casa-de-cultura\system\Commands\Server\rewrite.php(43): require_once('D:\\codeigniter4...')
#12 {main}
CRITICAL - 2022-05-01 16:32:47 --> The framework needs the following extension(s) installed and loaded: GD.
#0 D:\codeigniter4\casa-de-cultura\system\Images\Handlers\GDHandler.php(34): CodeIgniter\Exceptions\FrameworkException::forMissingExtension('GD')
#1 D:\codeigniter4\casa-de-cultura\system\Config\Services.php(312): CodeIgniter\Images\Handlers\GDHandler->__construct(Object(Config\Images))
#2 D:\codeigniter4\casa-de-cultura\system\Config\BaseService.php(248): CodeIgniter\Config\Services::image('gd', Object(Config\Images), false)
#3 D:\codeigniter4\casa-de-cultura\system\Config\BaseService.php(189): CodeIgniter\Config\BaseService::__callStatic('image', Array)
#4 D:\codeigniter4\casa-de-cultura\system\Config\Services.php(305): CodeIgniter\Config\BaseService::getSharedInstance('image', NULL, NULL)
#5 D:\codeigniter4\casa-de-cultura\system\Config\BaseService.php(248): CodeIgniter\Config\Services::image()
#6 D:\codeigniter4\casa-de-cultura\app\Controllers\API\RolesController.php(17): CodeIgniter\Config\BaseService::__callStatic('image', Array)
#7 D:\codeigniter4\casa-de-cultura\system\CodeIgniter.php(802): App\Controllers\API\RolesController->__construct()
#8 D:\codeigniter4\casa-de-cultura\system\CodeIgniter.php(403): CodeIgniter\CodeIgniter->createController()
#9 D:\codeigniter4\casa-de-cultura\system\CodeIgniter.php(320): CodeIgniter\CodeIgniter->handleRequest(NULL, Object(Config\Cache), false)
#10 D:\codeigniter4\casa-de-cultura\public\index.php(37): CodeIgniter\CodeIgniter->run()
#11 D:\codeigniter4\casa-de-cultura\system\Commands\Server\rewrite.php(43): require_once('D:\\codeigniter4...')
#12 {main}
CRITICAL - 2022-05-01 16:32:59 --> The framework needs the following extension(s) installed and loaded: GD.
#0 D:\codeigniter4\casa-de-cultura\system\Images\Handlers\GDHandler.php(34): CodeIgniter\Exceptions\FrameworkException::forMissingExtension('GD')
#1 D:\codeigniter4\casa-de-cultura\system\Config\Services.php(312): CodeIgniter\Images\Handlers\GDHandler->__construct(Object(Config\Images))
#2 D:\codeigniter4\casa-de-cultura\system\Config\BaseService.php(248): CodeIgniter\Config\Services::image('gd', Object(Config\Images), false)
#3 D:\codeigniter4\casa-de-cultura\system\Config\BaseService.php(189): CodeIgniter\Config\BaseService::__callStatic('image', Array)
#4 D:\codeigniter4\casa-de-cultura\system\Config\Services.php(305): CodeIgniter\Config\BaseService::getSharedInstance('image', NULL, NULL)
#5 D:\codeigniter4\casa-de-cultura\system\Config\BaseService.php(248): CodeIgniter\Config\Services::image()
#6 D:\codeigniter4\casa-de-cultura\app\Controllers\API\RolesController.php(17): CodeIgniter\Config\BaseService::__callStatic('image', Array)
#7 D:\codeigniter4\casa-de-cultura\system\CodeIgniter.php(802): App\Controllers\API\RolesController->__construct()
#8 D:\codeigniter4\casa-de-cultura\system\CodeIgniter.php(403): CodeIgniter\CodeIgniter->createController()
#9 D:\codeigniter4\casa-de-cultura\system\CodeIgniter.php(320): CodeIgniter\CodeIgniter->handleRequest(NULL, Object(Config\Cache), false)
#10 D:\codeigniter4\casa-de-cultura\public\index.php(37): CodeIgniter\CodeIgniter->run()
#11 D:\codeigniter4\casa-de-cultura\system\Commands\Server\rewrite.php(43): require_once('D:\\codeigniter4...')
#12 {main}
CRITICAL - 2022-05-01 16:34:05 --> The framework needs the following extension(s) installed and loaded: GD.
#0 D:\codeigniter4\casa-de-cultura\system\Images\Handlers\GDHandler.php(34): CodeIgniter\Exceptions\FrameworkException::forMissingExtension('GD')
#1 D:\codeigniter4\casa-de-cultura\system\Config\Services.php(312): CodeIgniter\Images\Handlers\GDHandler->__construct(Object(Config\Images))
#2 D:\codeigniter4\casa-de-cultura\system\Config\BaseService.php(248): CodeIgniter\Config\Services::image('gd', Object(Config\Images), false)
#3 D:\codeigniter4\casa-de-cultura\system\Config\BaseService.php(189): CodeIgniter\Config\BaseService::__callStatic('image', Array)
#4 D:\codeigniter4\casa-de-cultura\system\Config\Services.php(305): CodeIgniter\Config\BaseService::getSharedInstance('image', NULL, NULL)
#5 D:\codeigniter4\casa-de-cultura\system\Config\BaseService.php(248): CodeIgniter\Config\Services::image()
#6 D:\codeigniter4\casa-de-cultura\app\Controllers\API\RolesController.php(17): CodeIgniter\Config\BaseService::__callStatic('image', Array)
#7 D:\codeigniter4\casa-de-cultura\system\CodeIgniter.php(802): App\Controllers\API\RolesController->__construct()
#8 D:\codeigniter4\casa-de-cultura\system\CodeIgniter.php(403): CodeIgniter\CodeIgniter->createController()
#9 D:\codeigniter4\casa-de-cultura\system\CodeIgniter.php(320): CodeIgniter\CodeIgniter->handleRequest(NULL, Object(Config\Cache), false)
#10 D:\codeigniter4\casa-de-cultura\public\index.php(37): CodeIgniter\CodeIgniter->run()
#11 D:\codeigniter4\casa-de-cultura\system\Commands\Server\rewrite.php(43): require_once('D:\\codeigniter4...')
#12 {main}
CRITICAL - 2022-05-01 16:34:31 --> The framework needs the following extension(s) installed and loaded: GD.
#0 D:\codeigniter4\casa-de-cultura\system\Images\Handlers\GDHandler.php(34): CodeIgniter\Exceptions\FrameworkException::forMissingExtension('GD')
#1 D:\codeigniter4\casa-de-cultura\system\Config\Services.php(312): CodeIgniter\Images\Handlers\GDHandler->__construct(Object(Config\Images))
#2 D:\codeigniter4\casa-de-cultura\system\Config\BaseService.php(248): CodeIgniter\Config\Services::image('gd', Object(Config\Images), false)
#3 D:\codeigniter4\casa-de-cultura\system\Config\BaseService.php(189): CodeIgniter\Config\BaseService::__callStatic('image', Array)
#4 D:\codeigniter4\casa-de-cultura\system\Config\Services.php(305): CodeIgniter\Config\BaseService::getSharedInstance('image', NULL, NULL)
#5 D:\codeigniter4\casa-de-cultura\system\Config\BaseService.php(248): CodeIgniter\Config\Services::image()
#6 D:\codeigniter4\casa-de-cultura\app\Controllers\API\RolesController.php(17): CodeIgniter\Config\BaseService::__callStatic('image', Array)
#7 D:\codeigniter4\casa-de-cultura\system\CodeIgniter.php(802): App\Controllers\API\RolesController->__construct()
#8 D:\codeigniter4\casa-de-cultura\system\CodeIgniter.php(403): CodeIgniter\CodeIgniter->createController()
#9 D:\codeigniter4\casa-de-cultura\system\CodeIgniter.php(320): CodeIgniter\CodeIgniter->handleRequest(NULL, Object(Config\Cache), false)
#10 D:\codeigniter4\casa-de-cultura\public\index.php(37): CodeIgniter\CodeIgniter->run()
#11 D:\codeigniter4\casa-de-cultura\system\Commands\Server\rewrite.php(43): require_once('D:\\codeigniter4...')
#12 {main}
CRITICAL - 2022-05-01 16:34:37 --> The framework needs the following extension(s) installed and loaded: GD.
#0 D:\codeigniter4\casa-de-cultura\system\Images\Handlers\GDHandler.php(34): CodeIgniter\Exceptions\FrameworkException::forMissingExtension('GD')
#1 D:\codeigniter4\casa-de-cultura\system\Config\Services.php(312): CodeIgniter\Images\Handlers\GDHandler->__construct(Object(Config\Images))
#2 D:\codeigniter4\casa-de-cultura\system\Config\BaseService.php(248): CodeIgniter\Config\Services::image('gd', Object(Config\Images), false)
#3 D:\codeigniter4\casa-de-cultura\system\Config\BaseService.php(189): CodeIgniter\Config\BaseService::__callStatic('image', Array)
#4 D:\codeigniter4\casa-de-cultura\system\Config\Services.php(305): CodeIgniter\Config\BaseService::getSharedInstance('image', NULL, NULL)
#5 D:\codeigniter4\casa-de-cultura\system\Config\BaseService.php(248): CodeIgniter\Config\Services::image()
#6 D:\codeigniter4\casa-de-cultura\app\Controllers\API\RolesController.php(17): CodeIgniter\Config\BaseService::__callStatic('image', Array)
#7 D:\codeigniter4\casa-de-cultura\system\CodeIgniter.php(802): App\Controllers\API\RolesController->__construct()
#8 D:\codeigniter4\casa-de-cultura\system\CodeIgniter.php(403): CodeIgniter\CodeIgniter->createController()
#9 D:\codeigniter4\casa-de-cultura\system\CodeIgniter.php(320): CodeIgniter\CodeIgniter->handleRequest(NULL, Object(Config\Cache), false)
#10 D:\codeigniter4\casa-de-cultura\public\index.php(37): CodeIgniter\CodeIgniter->run()
#11 D:\codeigniter4\casa-de-cultura\system\Commands\Server\rewrite.php(43): require_once('D:\\codeigniter4...')
#12 {main}
CRITICAL - 2022-05-01 16:35:37 --> CodeIgniter\Validation\Validation::setRules(): Argument #1 ($rules) must be of type array, stdClass given, called in D:\codeigniter4\casa-de-cultura\system\Controller.php on line 160
#0 D:\codeigniter4\casa-de-cultura\system\Controller.php(160): CodeIgniter\Validation\Validation->setRules(Object(stdClass), Array)
#1 D:\codeigniter4\casa-de-cultura\app\Controllers\API\RolesController.php(44): CodeIgniter\Controller->validate(Object(stdClass))
#2 D:\codeigniter4\casa-de-cultura\system\CodeIgniter.php(825): App\Controllers\API\RolesController->create()
#3 D:\codeigniter4\casa-de-cultura\system\CodeIgniter.php(412): CodeIgniter\CodeIgniter->runController(Object(App\Controllers\API\RolesController))
#4 D:\codeigniter4\casa-de-cultura\system\CodeIgniter.php(320): CodeIgniter\CodeIgniter->handleRequest(NULL, Object(Config\Cache), false)
#5 D:\codeigniter4\casa-de-cultura\public\index.php(37): CodeIgniter\CodeIgniter->run()
#6 D:\codeigniter4\casa-de-cultura\system\Commands\Server\rewrite.php(43): require_once('D:\\codeigniter4...')
#7 {main}
CRITICAL - 2022-05-01 16:35:58 --> CodeIgniter\Validation\Validation::setRules(): Argument #1 ($rules) must be of type array, stdClass given, called in D:\codeigniter4\casa-de-cultura\system\Controller.php on line 160
#0 D:\codeigniter4\casa-de-cultura\system\Controller.php(160): CodeIgniter\Validation\Validation->setRules(Object(stdClass), Array)
#1 D:\codeigniter4\casa-de-cultura\app\Controllers\API\RolesController.php(44): CodeIgniter\Controller->validate(Object(stdClass))
#2 D:\codeigniter4\casa-de-cultura\system\CodeIgniter.php(825): App\Controllers\API\RolesController->create()
#3 D:\codeigniter4\casa-de-cultura\system\CodeIgniter.php(412): CodeIgniter\CodeIgniter->runController(Object(App\Controllers\API\RolesController))
#4 D:\codeigniter4\casa-de-cultura\system\CodeIgniter.php(320): CodeIgniter\CodeIgniter->handleRequest(NULL, Object(Config\Cache), false)
#5 D:\codeigniter4\casa-de-cultura\public\index.php(37): CodeIgniter\CodeIgniter->run()
#6 D:\codeigniter4\casa-de-cultura\system\Commands\Server\rewrite.php(43): require_once('D:\\codeigniter4...')
#7 {main}
CRITICAL - 2022-05-01 16:36:28 --> CodeIgniter\Validation\Validation::setRules(): Argument #1 ($rules) must be of type array, stdClass given, called in D:\codeigniter4\casa-de-cultura\system\Controller.php on line 160
#0 D:\codeigniter4\casa-de-cultura\system\Controller.php(160): CodeIgniter\Validation\Validation->setRules(Object(stdClass), Array)
#1 D:\codeigniter4\casa-de-cultura\app\Controllers\API\RolesController.php(44): CodeIgniter\Controller->validate(Object(stdClass))
#2 D:\codeigniter4\casa-de-cultura\system\CodeIgniter.php(825): App\Controllers\API\RolesController->create()
#3 D:\codeigniter4\casa-de-cultura\system\CodeIgniter.php(412): CodeIgniter\CodeIgniter->runController(Object(App\Controllers\API\RolesController))
#4 D:\codeigniter4\casa-de-cultura\system\CodeIgniter.php(320): CodeIgniter\CodeIgniter->handleRequest(NULL, Object(Config\Cache), false)
#5 D:\codeigniter4\casa-de-cultura\public\index.php(37): CodeIgniter\CodeIgniter->run()
#6 D:\codeigniter4\casa-de-cultura\system\Commands\Server\rewrite.php(43): require_once('D:\\codeigniter4...')
#7 {main}
CRITICAL - 2022-05-01 16:36:33 --> CodeIgniter\Validation\Validation::setRules(): Argument #1 ($rules) must be of type array, stdClass given, called in D:\codeigniter4\casa-de-cultura\system\Controller.php on line 160
#0 D:\codeigniter4\casa-de-cultura\system\Controller.php(160): CodeIgniter\Validation\Validation->setRules(Object(stdClass), Array)
#1 D:\codeigniter4\casa-de-cultura\app\Controllers\API\RolesController.php(44): CodeIgniter\Controller->validate(Object(stdClass))
#2 D:\codeigniter4\casa-de-cultura\system\CodeIgniter.php(825): App\Controllers\API\RolesController->create()
#3 D:\codeigniter4\casa-de-cultura\system\CodeIgniter.php(412): CodeIgniter\CodeIgniter->runController(Object(App\Controllers\API\RolesController))
#4 D:\codeigniter4\casa-de-cultura\system\CodeIgniter.php(320): CodeIgniter\CodeIgniter->handleRequest(NULL, Object(Config\Cache), false)
#5 D:\codeigniter4\casa-de-cultura\public\index.php(37): CodeIgniter\CodeIgniter->run()
#6 D:\codeigniter4\casa-de-cultura\system\Commands\Server\rewrite.php(43): require_once('D:\\codeigniter4...')
#7 {main}
CRITICAL - 2022-05-01 16:36:38 --> CodeIgniter\Validation\Validation::setRules(): Argument #1 ($rules) must be of type array, null given, called in D:\codeigniter4\casa-de-cultura\system\Controller.php on line 160
#0 D:\codeigniter4\casa-de-cultura\system\Controller.php(160): CodeIgniter\Validation\Validation->setRules(NULL, Array)
#1 D:\codeigniter4\casa-de-cultura\app\Controllers\API\RolesController.php(44): CodeIgniter\Controller->validate(NULL)
#2 D:\codeigniter4\casa-de-cultura\system\CodeIgniter.php(825): App\Controllers\API\RolesController->create()
#3 D:\codeigniter4\casa-de-cultura\system\CodeIgniter.php(412): CodeIgniter\CodeIgniter->runController(Object(App\Controllers\API\RolesController))
#4 D:\codeigniter4\casa-de-cultura\system\CodeIgniter.php(320): CodeIgniter\CodeIgniter->handleRequest(NULL, Object(Config\Cache), false)
#5 D:\codeigniter4\casa-de-cultura\public\index.php(37): CodeIgniter\CodeIgniter->run()
#6 D:\codeigniter4\casa-de-cultura\system\Commands\Server\rewrite.php(43): require_once('D:\\codeigniter4...')
#7 {main}
CRITICAL - 2022-05-01 16:36:44 --> CodeIgniter\Validation\Validation::setRules(): Argument #1 ($rules) must be of type array, stdClass given, called in D:\codeigniter4\casa-de-cultura\system\Controller.php on line 160
#0 D:\codeigniter4\casa-de-cultura\system\Controller.php(160): CodeIgniter\Validation\Validation->setRules(Object(stdClass), Array)
#1 D:\codeigniter4\casa-de-cultura\app\Controllers\API\RolesController.php(44): CodeIgniter\Controller->validate(Object(stdClass))
#2 D:\codeigniter4\casa-de-cultura\system\CodeIgniter.php(825): App\Controllers\API\RolesController->create()
#3 D:\codeigniter4\casa-de-cultura\system\CodeIgniter.php(412): CodeIgniter\CodeIgniter->runController(Object(App\Controllers\API\RolesController))
#4 D:\codeigniter4\casa-de-cultura\system\CodeIgniter.php(320): CodeIgniter\CodeIgniter->handleRequest(NULL, Object(Config\Cache), false)
#5 D:\codeigniter4\casa-de-cultura\public\index.php(37): CodeIgniter\CodeIgniter->run()
#6 D:\codeigniter4\casa-de-cultura\system\Commands\Server\rewrite.php(43): require_once('D:\\codeigniter4...')
#7 {main}
CRITICAL - 2022-05-01 16:39:28 --> The framework needs the following extension(s) installed and loaded: GD.
#0 D:\codeigniter4\casa-de-cultura\system\Images\Handlers\GDHandler.php(34): CodeIgniter\Exceptions\FrameworkException::forMissingExtension('GD')
#1 D:\codeigniter4\casa-de-cultura\system\Config\Services.php(312): CodeIgniter\Images\Handlers\GDHandler->__construct(Object(Config\Images))
#2 D:\codeigniter4\casa-de-cultura\system\Config\BaseService.php(248): CodeIgniter\Config\Services::image('gd', Object(Config\Images), false)
#3 D:\codeigniter4\casa-de-cultura\system\Config\BaseService.php(189): CodeIgniter\Config\BaseService::__callStatic('image', Array)
#4 D:\codeigniter4\casa-de-cultura\system\Config\Services.php(305): CodeIgniter\Config\BaseService::getSharedInstance('image', NULL, NULL)
#5 D:\codeigniter4\casa-de-cultura\system\Config\BaseService.php(248): CodeIgniter\Config\Services::image()
#6 D:\codeigniter4\casa-de-cultura\app\Controllers\API\RolesController.php(43): CodeIgniter\Config\BaseService::__callStatic('image', Array)
#7 D:\codeigniter4\casa-de-cultura\system\CodeIgniter.php(825): App\Controllers\API\RolesController->create()
#8 D:\codeigniter4\casa-de-cultura\system\CodeIgniter.php(412): CodeIgniter\CodeIgniter->runController(Object(App\Controllers\API\RolesController))
#9 D:\codeigniter4\casa-de-cultura\system\CodeIgniter.php(320): CodeIgniter\CodeIgniter->handleRequest(NULL, Object(Config\Cache), false)
#10 D:\codeigniter4\casa-de-cultura\public\index.php(37): CodeIgniter\CodeIgniter->run()
#11 D:\codeigniter4\casa-de-cultura\system\Commands\Server\rewrite.php(43): require_once('D:\\codeigniter4...')
#12 {main}
